#
# There is insufficient memory for the Java Runtime Environment to continue.
# Native memory allocation (malloc) failed to allocate 1016736 bytes for Chunk::new
# Possible reasons:
#   The system is out of physical RAM or swap space
#   The process is running with CompressedOops enabled, and the Java Heap may be blocking the growth of the native heap
# Possible solutions:
#   Reduce memory load on the system
#   Increase physical memory or swap space
#   Check if swap backing store is full
#   Decrease Java heap size (-Xmx/-Xms)
#   Decrease number of Java threads
#   Decrease Java thread stack sizes (-Xss)
#   Set larger code cache with -XX:ReservedCodeCacheSize=
#   JVM is running with Unscaled Compressed Oops mode in which the Java heap is
#     placed in the first 4GB address space. The Java Heap base address is the
#     maximum limit for the native heap growth. Please use -XX:HeapBaseMinAddress
#     to set the Java Heap base and to place the Java Heap above 4GB virtual address.
# This output file may be truncated or incomplete.
#
#  Out of Memory Error (arena.cpp:197), pid=24216, tid=24328
#
# JRE version: OpenJDK Runtime Environment Microsoft-8035250 (11.0.20+8) (build 11.0.20+8-LTS)
# Java VM: OpenJDK 64-Bit Server VM Microsoft-8035250 (11.0.20+8-LTS, mixed mode, tiered, compressed oops, g1 gc, windows-amd64)
# No core dump will be written. Minidumps are not enabled by default on client versions of Windows
#

---------------  S U M M A R Y ------------

Command Line: -XX:MaxMetaspaceSize=512m --add-opens=java.base/java.util=ALL-UNNAMED --add-opens=java.base/java.lang=ALL-UNNAMED --add-opens=java.base/java.lang.invoke=ALL-UNNAMED --add-opens=java.prefs/java.util.prefs=ALL-UNNAMED --add-opens=java.base/java.nio.charset=ALL-UNNAMED --add-opens=java.base/java.net=ALL-UNNAMED --add-opens=java.base/java.util.concurrent.atomic=ALL-UNNAMED -Xmx2048m -Dfile.encoding=windows-1252 -Duser.country=US -Duser.language=en -Duser.variant org.gradle.launcher.daemon.bootstrap.GradleDaemon 8.0.1

Host: 12th Gen Intel(R) Core(TM) i7-1255U, 12 cores, 15G,  Windows 11 , 64 bit Build 22621 (10.0.22621.2428)
Time: Tue Oct 24 15:04:43 2023 E. South America Standard Time elapsed time: 13.472521 seconds (0d 0h 0m 13s)

---------------  T H R E A D  ---------------

Current thread (0x000001cdff915800):  JavaThread "C2 CompilerThread0" daemon [_thread_in_native, id=24328, stack(0x0000008eabc00000,0x0000008eabd00000)]


Current CompileTask:
C2:  13472 7466 %     4       org.gradle.internal.instantiation.generator.AbstractClassGenerator::inspectType @ 207 (560 bytes)

Stack: [0x0000008eabc00000,0x0000008eabd00000]
Native frames: (J=compiled Java code, j=interpreted, Vv=VM code, C=native code)
V  [jvm.dll+0x62e9da]
V  [jvm.dll+0x7bc4e9]
V  [jvm.dll+0x7bdbd8]
V  [jvm.dll+0x7be2b3]
V  [jvm.dll+0x2505a8]
V  [jvm.dll+0xc263c]
V  [jvm.dll+0xc2bfc]
V  [jvm.dll+0x2c56a4]
V  [jvm.dll+0x536a1c]
V  [jvm.dll+0x209056]
V  [jvm.dll+0x20b0c7]
V  [jvm.dll+0x20881b]
V  [jvm.dll+0x18a7de]
V  [jvm.dll+0x2181ec]
V  [jvm.dll+0x21642b]
V  [jvm.dll+0x77efc0]
V  [jvm.dll+0x777db4]
V  [jvm.dll+0x62d845]
C  [ucrtbase.dll+0x29363]
C  [KERNEL32.DLL+0x1257d]
C  [ntdll.dll+0x5aa78]


---------------  P R O C E S S  ---------------

Threads class SMR info:
_java_thread_list=0x000001cda04b5180, length=75, elements={
0x000001cdf91ad800, 0x000001cdff8b8800, 0x000001cdff8b2000, 0x000001cdff90c800,
0x000001cdff90f800, 0x000001cdff911000, 0x000001cdff915800, 0x000001cdff91a000,
0x000001cdff930000, 0x000001cdffa87000, 0x000001cd9a309000, 0x000001cdffc6f000,
0x000001cd9a412000, 0x000001cd9bb27800, 0x000001cd9a555800, 0x000001cd9b3c9800,
0x000001cd9b30b800, 0x000001cd9a4b1000, 0x000001cd9ac11000, 0x000001cd9ac12800,
0x000001cd9ac15000, 0x000001cd9ac16000, 0x000001cd9ac17000, 0x000001cd9ac17800,
0x000001cd9ac14800, 0x000001cd9ac13800, 0x000001cd9ac12000, 0x000001cd9cb67000,
0x000001cd9cb62000, 0x000001cd9cb65800, 0x000001cd9cb66000, 0x000001cd9cb61800,
0x000001cd9cb68000, 0x000001cd9cb68800, 0x000001cd9cb63000, 0x000001cd9cb69800,
0x000001cd9cb64000, 0x000001cd9cb6d800, 0x000001cd9cb6e800, 0x000001cd9cb6a800,
0x000001cd9cb6c000, 0x000001cd9cb6f000, 0x000001cd9cb6d000, 0x000001cd9cb70000,
0x000001cd9cb6b000, 0x000001cd9f5d7000, 0x000001cd9f5d9000, 0x000001cd9f5d8000,
0x000001cd9f5d9800, 0x000001cd9f5da800, 0x000001cd9f5db000, 0x000001cd9f5dc000,
0x000001cd9f5d6800, 0x000001cd9f5dd000, 0x000001cd9f4e7000, 0x000001cd9f4e8000,
0x000001cd9f4e4000, 0x000001cd9f4e5800, 0x000001cd9f4e5000, 0x000001cd9f4e6800,
0x000001cd9f4e2800, 0x000001cd9f4e9000, 0x000001cd9f4e3000, 0x000001cd9f4eb800,
0x000001cd9f4ec000, 0x000001cd9f4ef800, 0x000001cd9f4ed000, 0x000001cd9f4e9800,
0x000001cd9f4ee000, 0x000001cd9f4ee800, 0x000001cd9f4f0000, 0x000001cd9f4ea800,
0x000001cd9f4f1000, 0x000001cd9ffbc000, 0x000001cda02ac000
}

Java Threads: ( => current thread )
  0x000001cdf91ad800 JavaThread "main" [_thread_blocked, id=24276, stack(0x0000008eab000000,0x0000008eab100000)]
  0x000001cdff8b8800 JavaThread "Reference Handler" daemon [_thread_blocked, id=24304, stack(0x0000008eab700000,0x0000008eab800000)]
  0x000001cdff8b2000 JavaThread "Finalizer" daemon [_thread_blocked, id=24308, stack(0x0000008eab800000,0x0000008eab900000)]
  0x000001cdff90c800 JavaThread "Signal Dispatcher" daemon [_thread_blocked, id=24316, stack(0x0000008eab900000,0x0000008eaba00000)]
  0x000001cdff90f800 JavaThread "Attach Listener" daemon [_thread_blocked, id=24320, stack(0x0000008eaba00000,0x0000008eabb00000)]
  0x000001cdff911000 JavaThread "Service Thread" daemon [_thread_blocked, id=24324, stack(0x0000008eabb00000,0x0000008eabc00000)]
=>0x000001cdff915800 JavaThread "C2 CompilerThread0" daemon [_thread_in_native, id=24328, stack(0x0000008eabc00000,0x0000008eabd00000)]
  0x000001cdff91a000 JavaThread "C1 CompilerThread0" daemon [_thread_in_native, id=24332, stack(0x0000008eabd00000,0x0000008eabe00000)]
  0x000001cdff930000 JavaThread "Sweeper thread" daemon [_thread_blocked, id=24336, stack(0x0000008eabe00000,0x0000008eabf00000)]
  0x000001cdffa87000 JavaThread "Common-Cleaner" daemon [_thread_blocked, id=24340, stack(0x0000008eabf00000,0x0000008eac000000)]
  0x000001cd9a309000 JavaThread "Daemon health stats" [_thread_blocked, id=24384, stack(0x0000008eac700000,0x0000008eac800000)]
  0x000001cdffc6f000 JavaThread "Incoming local TCP Connector on port 60201" [_thread_in_native, id=24464, stack(0x0000008eac100000,0x0000008eac200000)]
  0x000001cd9a412000 JavaThread "Daemon periodic checks" [_thread_blocked, id=24468, stack(0x0000008eac800000,0x0000008eac900000)]
  0x000001cd9bb27800 JavaThread "Daemon" [_thread_blocked, id=24472, stack(0x0000008eac900000,0x0000008eaca00000)]
  0x000001cd9a555800 JavaThread "Handler for socket connection from /127.0.0.1:60201 to /127.0.0.1:60202" [_thread_in_native, id=24476, stack(0x0000008eaca00000,0x0000008eacb00000)]
  0x000001cd9b3c9800 JavaThread "Cancel handler" [_thread_blocked, id=24480, stack(0x0000008eacb00000,0x0000008eacc00000)]
  0x000001cd9b30b800 JavaThread "Daemon worker" [_thread_in_Java, id=24484, stack(0x0000008eacc00000,0x0000008eacd00000)]
  0x000001cd9a4b1000 JavaThread "Asynchronous log dispatcher for DefaultDaemonConnection: socket connection from /127.0.0.1:60201 to /127.0.0.1:60202" [_thread_blocked, id=24496, stack(0x0000008eacd00000,0x0000008eace00000)]
  0x000001cd9ac11000 JavaThread "Stdin handler" [_thread_blocked, id=24500, stack(0x0000008eace00000,0x0000008eacf00000)]
  0x000001cd9ac12800 JavaThread "Daemon client event forwarder" [_thread_blocked, id=24504, stack(0x0000008eacf00000,0x0000008ead000000)]
  0x000001cd9ac15000 JavaThread "Cache worker for journal cache (C:\Users\blima\.gradle\caches\journal-1)" [_thread_blocked, id=24536, stack(0x0000008ead600000,0x0000008ead700000)]
  0x000001cd9ac16000 JavaThread "File lock request listener" [_thread_in_native, id=24540, stack(0x0000008ead700000,0x0000008ead800000)]
  0x000001cd9ac17000 JavaThread "Cache worker for file hash cache (C:\Users\blima\.gradle\caches\8.0.1\fileHashes)" [_thread_blocked, id=24548, stack(0x0000008ead800000,0x0000008ead900000)]
  0x000001cd9ac17800 JavaThread "File watcher server" daemon [_thread_in_native, id=24560, stack(0x0000008eada00000,0x0000008eadb00000)]
  0x000001cd9ac14800 JavaThread "File watcher consumer" daemon [_thread_blocked, id=24564, stack(0x0000008eadb00000,0x0000008eadc00000)]
  0x000001cd9ac13800 JavaThread "Cache worker for checksums cache (C:\Users\blima\Desktop\helpdesk\android\.gradle\8.0.1\checksums)" [_thread_blocked, id=24568, stack(0x0000008eadc00000,0x0000008eadd00000)]
  0x000001cd9ac12000 JavaThread "Cache worker for cache directory md-rule (C:\Users\blima\.gradle\caches\8.0.1\md-rule)" [_thread_blocked, id=24572, stack(0x0000008eadd00000,0x0000008eade00000)]
  0x000001cd9cb67000 JavaThread "Cache worker for file content cache (C:\Users\blima\.gradle\caches\8.0.1\fileContent)" [_thread_blocked, id=23112, stack(0x0000008eade00000,0x0000008eadf00000)]
  0x000001cd9cb62000 JavaThread "Cache worker for file hash cache (C:\Users\blima\Desktop\helpdesk\android\.gradle\8.0.1\fileHashes)" [_thread_blocked, id=18884, stack(0x0000008eadf00000,0x0000008eae000000)]
  0x000001cd9cb65800 JavaThread "Cache worker for cache directory md-supplier (C:\Users\blima\.gradle\caches\8.0.1\md-supplier)" [_thread_blocked, id=3436, stack(0x0000008eae000000,0x0000008eae100000)]
  0x000001cd9cb66000 JavaThread "Cache worker for execution history cache (C:\Users\blima\.gradle\caches\8.0.1\executionHistory)" [_thread_blocked, id=4036, stack(0x0000008eae100000,0x0000008eae200000)]
  0x000001cd9cb61800 JavaThread "jar transforms" [_thread_blocked, id=19896, stack(0x0000008eae300000,0x0000008eae400000)]
  0x000001cd9cb68000 JavaThread "jar transforms Thread 2" [_thread_blocked, id=16048, stack(0x0000008eae400000,0x0000008eae500000)]
  0x000001cd9cb68800 JavaThread "jar transforms Thread 3" [_thread_blocked, id=1648, stack(0x0000008eae500000,0x0000008eae600000)]
  0x000001cd9cb63000 JavaThread "jar transforms Thread 4" [_thread_blocked, id=1580, stack(0x0000008eae600000,0x0000008eae700000)]
  0x000001cd9cb69800 JavaThread "Cache worker for kotlin-dsl (C:\Users\blima\.gradle\caches\8.0.1\kotlin-dsl)" [_thread_blocked, id=23904, stack(0x0000008eae700000,0x0000008eae800000)]
  0x000001cd9cb64000 JavaThread "jar transforms Thread 5" [_thread_blocked, id=23596, stack(0x0000008eae800000,0x0000008eae900000)]
  0x000001cd9cb6d800 JavaThread "jar transforms Thread 6" [_thread_blocked, id=23580, stack(0x0000008eae900000,0x0000008eaea00000)]
  0x000001cd9cb6e800 JavaThread "Cache worker for dependencies-accessors (C:\Users\blima\Desktop\helpdesk\android\.gradle\8.0.1\dependencies-accessors)" [_thread_blocked, id=23576, stack(0x0000008eaea00000,0x0000008eaeb00000)]
  0x000001cd9cb6a800 JavaThread "Cache worker for Build Output Cleanup Cache (C:\Users\blima\Desktop\helpdesk\node_modules\@react-native\gradle-plugin\.gradle\buildOutputCleanup)" [_thread_blocked, id=23968, stack(0x0000008eaeb00000,0x0000008eaec00000)]
  0x000001cd9cb6c000 JavaThread "jar transforms Thread 7" [_thread_blocked, id=23972, stack(0x0000008eaec00000,0x0000008eaed00000)]
  0x000001cd9cb6f000 JavaThread "Unconstrained build operations" [_thread_blocked, id=23964, stack(0x0000008eaed00000,0x0000008eaee00000)]
  0x000001cd9cb6d000 JavaThread "Unconstrained build operations Thread 2" [_thread_blocked, id=23976, stack(0x0000008eaee00000,0x0000008eaef00000)]
  0x000001cd9cb70000 JavaThread "Unconstrained build operations Thread 3" [_thread_blocked, id=23980, stack(0x0000008eaef00000,0x0000008eaf000000)]
  0x000001cd9cb6b000 JavaThread "Unconstrained build operations Thread 4" [_thread_blocked, id=23572, stack(0x0000008eaf000000,0x0000008eaf100000)]
  0x000001cd9f5d7000 JavaThread "Unconstrained build operations Thread 5" [_thread_blocked, id=23648, stack(0x0000008eaf100000,0x0000008eaf200000)]
  0x000001cd9f5d9000 JavaThread "Unconstrained build operations Thread 6" [_thread_blocked, id=23840, stack(0x0000008eaf200000,0x0000008eaf300000)]
  0x000001cd9f5d8000 JavaThread "Unconstrained build operations Thread 7" [_thread_blocked, id=23844, stack(0x0000008eaf300000,0x0000008eaf400000)]
  0x000001cd9f5d9800 JavaThread "Unconstrained build operations Thread 8" [_thread_blocked, id=23848, stack(0x0000008eaf400000,0x0000008eaf500000)]
  0x000001cd9f5da800 JavaThread "Unconstrained build operations Thread 9" [_thread_blocked, id=23836, stack(0x0000008eaf500000,0x0000008eaf600000)]
  0x000001cd9f5db000 JavaThread "Unconstrained build operations Thread 10" [_thread_blocked, id=23852, stack(0x0000008eaf600000,0x0000008eaf700000)]
  0x000001cd9f5dc000 JavaThread "Unconstrained build operations Thread 11" [_thread_blocked, id=23736, stack(0x0000008eaf700000,0x0000008eaf800000)]
  0x000001cd9f5d6800 JavaThread "Unconstrained build operations Thread 12" [_thread_blocked, id=23732, stack(0x0000008eaf800000,0x0000008eaf900000)]
  0x000001cd9f5dd000 JavaThread "Unconstrained build operations Thread 13" [_thread_blocked, id=23932, stack(0x0000008eaf900000,0x0000008eafa00000)]
  0x000001cd9f4e7000 JavaThread "Unconstrained build operations Thread 14" [_thread_blocked, id=23928, stack(0x0000008eafa00000,0x0000008eafb00000)]
  0x000001cd9f4e8000 JavaThread "Unconstrained build operations Thread 15" [_thread_blocked, id=23936, stack(0x0000008eafb00000,0x0000008eafc00000)]
  0x000001cd9f4e4000 JavaThread "Unconstrained build operations Thread 16" [_thread_blocked, id=23944, stack(0x0000008eafc00000,0x0000008eafd00000)]
  0x000001cd9f4e5800 JavaThread "Unconstrained build operations Thread 17" [_thread_blocked, id=23940, stack(0x0000008eafd00000,0x0000008eafe00000)]
  0x000001cd9f4e5000 JavaThread "Unconstrained build operations Thread 18" [_thread_blocked, id=23740, stack(0x0000008eafe00000,0x0000008eaff00000)]
  0x000001cd9f4e6800 JavaThread "Unconstrained build operations Thread 19" [_thread_blocked, id=23744, stack(0x0000008eaff00000,0x0000008eb0000000)]
  0x000001cd9f4e2800 JavaThread "Unconstrained build operations Thread 20" [_thread_blocked, id=23748, stack(0x0000008eb0000000,0x0000008eb0100000)]
  0x000001cd9f4e9000 JavaThread "Unconstrained build operations Thread 21" [_thread_blocked, id=23772, stack(0x0000008eb0100000,0x0000008eb0200000)]
  0x000001cd9f4e3000 JavaThread "Unconstrained build operations Thread 22" [_thread_blocked, id=23764, stack(0x0000008eb0200000,0x0000008eb0300000)]
  0x000001cd9f4eb800 JavaThread "Unconstrained build operations Thread 23" [_thread_blocked, id=23756, stack(0x0000008eb0300000,0x0000008eb0400000)]
  0x000001cd9f4ec000 JavaThread "Unconstrained build operations Thread 24" [_thread_blocked, id=23704, stack(0x0000008eb0400000,0x0000008eb0500000)]
  0x000001cd9f4ef800 JavaThread "Unconstrained build operations Thread 25" [_thread_blocked, id=23700, stack(0x0000008eb0500000,0x0000008eb0600000)]
  0x000001cd9f4ed000 JavaThread "Unconstrained build operations Thread 26" [_thread_blocked, id=23668, stack(0x0000008eb0600000,0x0000008eb0700000)]
  0x000001cd9f4e9800 JavaThread "jar transforms Thread 8" [_thread_blocked, id=23860, stack(0x0000008eb0700000,0x0000008eb0800000)]
  0x000001cd9f4ee000 JavaThread "jar transforms Thread 9" [_thread_blocked, id=23856, stack(0x0000008eb0800000,0x0000008eb0900000)]
  0x000001cd9f4ee800 JavaThread "jar transforms Thread 10" [_thread_blocked, id=23824, stack(0x0000008eb0900000,0x0000008eb0a00000)]
  0x000001cd9f4f0000 JavaThread "jar transforms Thread 11" [_thread_blocked, id=23816, stack(0x0000008eb0a00000,0x0000008eb0b00000)]
  0x000001cd9f4ea800 JavaThread "jar transforms Thread 12" [_thread_blocked, id=23780, stack(0x0000008eb0b00000,0x0000008eb0c00000)]
  0x000001cd9f4f1000 JavaThread "Memory manager" [_thread_blocked, id=24260, stack(0x0000008eb0c00000,0x0000008eb0d00000)]
  0x000001cd9ffbc000 JavaThread "Cache worker for Build Output Cleanup Cache (C:\Users\blima\Desktop\helpdesk\android\.gradle\buildOutputCleanup)" [_thread_blocked, id=2140, stack(0x0000008eb0d00000,0x0000008eb0e00000)]
  0x000001cda02ac000 JavaThread "C2 CompilerThread1" daemon [_thread_in_native, id=7732, stack(0x0000008ead900000,0x0000008eada00000)]

Other Threads:
  0x000001cdff8a3800 VMThread "VM Thread" [stack: 0x0000008eab600000,0x0000008eab700000] [id=24300]
  0x000001cdffabf000 WatcherThread [stack: 0x0000008eac000000,0x0000008eac100000] [id=24344]
  0x000001cdf91c8000 GCTaskThread "GC Thread#0" [stack: 0x0000008eab100000,0x0000008eab200000] [id=24280]
  0x000001cd99dd6800 GCTaskThread "GC Thread#1" [stack: 0x0000008eac200000,0x0000008eac300000] [id=24356]
  0x000001cd99dd7000 GCTaskThread "GC Thread#2" [stack: 0x0000008eac300000,0x0000008eac400000] [id=24360]
  0x000001cd99e02800 GCTaskThread "GC Thread#3" [stack: 0x0000008eac400000,0x0000008eac500000] [id=24364]
  0x000001cd99e03800 GCTaskThread "GC Thread#4" [stack: 0x0000008eac500000,0x0000008eac600000] [id=24368]
  0x000001cd99e21000 GCTaskThread "GC Thread#5" [stack: 0x0000008eac600000,0x0000008eac700000] [id=24372]
  0x000001cd9b3fe800 GCTaskThread "GC Thread#6" [stack: 0x0000008ead000000,0x0000008ead100000] [id=24512]
  0x000001cd9a9eb800 GCTaskThread "GC Thread#7" [stack: 0x0000008ead100000,0x0000008ead200000] [id=24516]
  0x000001cd9b382800 GCTaskThread "GC Thread#8" [stack: 0x0000008ead200000,0x0000008ead300000] [id=24520]
  0x000001cd9b677800 GCTaskThread "GC Thread#9" [stack: 0x0000008ead300000,0x0000008ead400000] [id=24524]
  0x000001cdf91f8000 ConcurrentGCThread "G1 Main Marker" [stack: 0x0000008eab200000,0x0000008eab300000] [id=24284]
  0x000001cdf91f9000 ConcurrentGCThread "G1 Conc#0" [stack: 0x0000008eab300000,0x0000008eab400000] [id=24288]
  0x000001cd9a82f800 ConcurrentGCThread "G1 Conc#1" [stack: 0x0000008ead400000,0x0000008ead500000] [id=24528]
  0x000001cd9a337000 ConcurrentGCThread "G1 Conc#2" [stack: 0x0000008ead500000,0x0000008ead600000] [id=24532]
  0x000001cdfef14800 ConcurrentGCThread "G1 Refine#0" [stack: 0x0000008eab400000,0x0000008eab500000] [id=24292]
  0x000001cdfef15800 ConcurrentGCThread "G1 Young RemSet Sampling" [stack: 0x0000008eab500000,0x0000008eab600000] [id=24296]

Threads with active compile tasks:
C2 CompilerThread0    13489 7466 %     4       org.gradle.internal.instantiation.generator.AbstractClassGenerator::inspectType @ 207 (560 bytes)
C1 CompilerThread0    13490 7664       3       java.util.TimSort::ensureCapacity (77 bytes)
C2 CompilerThread1    13490 7583       4       org.gradle.internal.serialize.kryo.StringDeduplicatingKryoBackedEncoder::writeNullableString (114 bytes)

VM state:not at safepoint (normal execution)

VM Mutex/Monitor currently owned by a thread: None

Heap address: 0x0000000080000000, size: 2048 MB, Compressed Oops mode: 32-bit
Narrow klass base: 0x0000000000000000, Narrow klass shift: 3
Compressed class space size: 528482304 Address: 0x0000000100000000

Heap:
 garbage-first heap   total 258048K, used 118865K [0x0000000080000000, 0x0000000100000000)
  region size 1024K, 80 young (81920K), 14 survivors (14336K)
 Metaspace       used 74397K, capacity 76590K, committed 76756K, reserved 583680K
  class space    used 9685K, capacity 10558K, committed 10628K, reserved 516096K
Heap Regions: E=young(eden), S=young(survivor), O=old, HS=humongous(starts), HC=humongous(continues), CS=collection set, F=free, A=archive, TAMS=top-at-mark-start (previous, next)
|   0|0x0000000080000000, 0x0000000080100000, 0x0000000080100000|100%|HS|  |TAMS 0x0000000080100000, 0x0000000080000000| Complete 
|   1|0x0000000080100000, 0x0000000080200000, 0x0000000080200000|100%|HC|  |TAMS 0x0000000080200000, 0x0000000080100000| Complete 
|   2|0x0000000080200000, 0x0000000080300000, 0x0000000080300000|100%|HC|  |TAMS 0x0000000080300000, 0x0000000080200000| Complete 
|   3|0x0000000080300000, 0x0000000080400000, 0x0000000080400000|100%|HC|  |TAMS 0x0000000080400000, 0x0000000080300000| Complete 
|   4|0x0000000080400000, 0x0000000080500000, 0x0000000080500000|100%| O|  |TAMS 0x0000000080500000, 0x0000000080400000| Untracked 
|   5|0x0000000080500000, 0x0000000080600000, 0x0000000080600000|100%| O|  |TAMS 0x0000000080600000, 0x0000000080500000| Untracked 
|   6|0x0000000080600000, 0x0000000080700000, 0x0000000080700000|100%| O|  |TAMS 0x0000000080700000, 0x0000000080600000| Untracked 
|   7|0x0000000080700000, 0x0000000080800000, 0x0000000080800000|100%| O|  |TAMS 0x0000000080800000, 0x0000000080700000| Untracked 
|   8|0x0000000080800000, 0x0000000080900000, 0x0000000080900000|100%| O|  |TAMS 0x0000000080900000, 0x0000000080800000| Untracked 
|   9|0x0000000080900000, 0x0000000080a00000, 0x0000000080a00000|100%| O|  |TAMS 0x0000000080a00000, 0x0000000080900000| Untracked 
|  10|0x0000000080a00000, 0x0000000080b00000, 0x0000000080b00000|100%| O|  |TAMS 0x0000000080b00000, 0x0000000080a00000| Untracked 
|  11|0x0000000080b00000, 0x0000000080c00000, 0x0000000080c00000|100%| O|  |TAMS 0x0000000080c00000, 0x0000000080b00000| Untracked 
|  12|0x0000000080c00000, 0x0000000080d00000, 0x0000000080d00000|100%| O|  |TAMS 0x0000000080d00000, 0x0000000080c00000| Untracked 
|  13|0x0000000080d00000, 0x0000000080e00000, 0x0000000080e00000|100%| O|  |TAMS 0x0000000080e00000, 0x0000000080d00000| Untracked 
|  14|0x0000000080e00000, 0x0000000080f00000, 0x0000000080f00000|100%| O|  |TAMS 0x0000000080f00000, 0x0000000080e00000| Untracked 
|  15|0x0000000080f00000, 0x0000000081000000, 0x0000000081000000|100%| O|  |TAMS 0x0000000081000000, 0x0000000080f00000| Untracked 
|  16|0x0000000081000000, 0x0000000081100000, 0x0000000081100000|100%| O|  |TAMS 0x0000000081100000, 0x0000000081000000| Untracked 
|  17|0x0000000081100000, 0x0000000081200000, 0x0000000081200000|100%| O|  |TAMS 0x0000000081200000, 0x0000000081100000| Untracked 
|  18|0x0000000081200000, 0x0000000081300000, 0x0000000081300000|100%| O|  |TAMS 0x0000000081300000, 0x0000000081200000| Untracked 
|  19|0x0000000081300000, 0x0000000081400000, 0x0000000081400000|100%| O|  |TAMS 0x0000000081400000, 0x0000000081300000| Untracked 
|  20|0x0000000081400000, 0x0000000081500000, 0x0000000081500000|100%| O|  |TAMS 0x0000000081500000, 0x0000000081400000| Untracked 
|  21|0x0000000081500000, 0x0000000081600000, 0x0000000081600000|100%| O|  |TAMS 0x0000000081600000, 0x0000000081500000| Untracked 
|  22|0x0000000081600000, 0x0000000081700000, 0x0000000081700000|100%| O|  |TAMS 0x0000000081700000, 0x0000000081600000| Untracked 
|  23|0x0000000081700000, 0x0000000081800000, 0x0000000081800000|100%| O|  |TAMS 0x0000000081800000, 0x0000000081700000| Untracked 
|  24|0x0000000081800000, 0x0000000081900000, 0x0000000081900000|100%|HS|  |TAMS 0x0000000081900000, 0x0000000081800000| Complete 
|  25|0x0000000081900000, 0x0000000081a00000, 0x0000000081a00000|100%|HC|  |TAMS 0x0000000081a00000, 0x0000000081900000| Complete 
|  26|0x0000000081a00000, 0x0000000081b00000, 0x0000000081b00000|100%|HS|  |TAMS 0x0000000081b00000, 0x0000000081a00000| Complete 
|  27|0x0000000081b00000, 0x0000000081c00000, 0x0000000081c00000|100%|HC|  |TAMS 0x0000000081c00000, 0x0000000081b00000| Complete 
|  28|0x0000000081c00000, 0x0000000081d00000, 0x0000000081d00000|100%|HC|  |TAMS 0x0000000081d00000, 0x0000000081c00000| Complete 
|  29|0x0000000081d00000, 0x0000000081e00000, 0x0000000081e00000|100%|HC|  |TAMS 0x0000000081e00000, 0x0000000081d00000| Complete 
|  30|0x0000000081e00000, 0x0000000081f00000, 0x0000000081f00000|100%| O|  |TAMS 0x0000000081f00000, 0x0000000081e00000| Untracked 
|  31|0x0000000081f00000, 0x0000000082000000, 0x0000000082000000|100%| O|  |TAMS 0x0000000082000000, 0x0000000081f00000| Untracked 
|  32|0x0000000082000000, 0x0000000082100000, 0x0000000082100000|100%| O|  |TAMS 0x0000000082100000, 0x0000000082000000| Untracked 
|  33|0x0000000082100000, 0x0000000082200000, 0x0000000082200000|100%| O|  |TAMS 0x0000000082200000, 0x0000000082100000| Untracked 
|  34|0x0000000082200000, 0x0000000082300000, 0x0000000082300000|100%| O|  |TAMS 0x0000000082300000, 0x0000000082200000| Untracked 
|  35|0x0000000082300000, 0x0000000082400000, 0x0000000082400000|100%| O|  |TAMS 0x0000000082400000, 0x0000000082300000| Untracked 
|  36|0x0000000082400000, 0x0000000082500000, 0x0000000082500000|100%| O|  |TAMS 0x0000000082500000, 0x0000000082400000| Untracked 
|  37|0x0000000082500000, 0x000000008254ca00, 0x0000000082600000| 29%| O|  |TAMS 0x000000008254ca00, 0x0000000082500000| Untracked 
|  38|0x0000000082600000, 0x0000000082600000, 0x0000000082700000|  0%| F|  |TAMS 0x0000000082600000, 0x0000000082600000| Untracked 
|  39|0x0000000082700000, 0x0000000082700000, 0x0000000082800000|  0%| F|  |TAMS 0x0000000082700000, 0x0000000082700000| Untracked 
|  40|0x0000000082800000, 0x0000000082800000, 0x0000000082900000|  0%| F|  |TAMS 0x0000000082800000, 0x0000000082800000| Untracked 
|  41|0x0000000082900000, 0x0000000082900000, 0x0000000082a00000|  0%| F|  |TAMS 0x0000000082900000, 0x0000000082900000| Untracked 
|  42|0x0000000082a00000, 0x0000000082a00000, 0x0000000082b00000|  0%| F|  |TAMS 0x0000000082a00000, 0x0000000082a00000| Untracked 
|  43|0x0000000082b00000, 0x0000000082b00000, 0x0000000082c00000|  0%| F|  |TAMS 0x0000000082b00000, 0x0000000082b00000| Untracked 
|  44|0x0000000082c00000, 0x0000000082c00000, 0x0000000082d00000|  0%| F|  |TAMS 0x0000000082c00000, 0x0000000082c00000| Untracked 
|  45|0x0000000082d00000, 0x0000000082d00000, 0x0000000082e00000|  0%| F|  |TAMS 0x0000000082d00000, 0x0000000082d00000| Untracked 
|  46|0x0000000082e00000, 0x0000000082e00000, 0x0000000082f00000|  0%| F|  |TAMS 0x0000000082e00000, 0x0000000082e00000| Untracked 
|  47|0x0000000082f00000, 0x0000000082f00000, 0x0000000083000000|  0%| F|  |TAMS 0x0000000082f00000, 0x0000000082f00000| Untracked 
|  48|0x0000000083000000, 0x0000000083000000, 0x0000000083100000|  0%| F|  |TAMS 0x0000000083000000, 0x0000000083000000| Untracked 
|  49|0x0000000083100000, 0x0000000083100000, 0x0000000083200000|  0%| F|  |TAMS 0x0000000083100000, 0x0000000083100000| Untracked 
|  50|0x0000000083200000, 0x0000000083200000, 0x0000000083300000|  0%| F|  |TAMS 0x0000000083200000, 0x0000000083200000| Untracked 
|  51|0x0000000083300000, 0x0000000083300000, 0x0000000083400000|  0%| F|  |TAMS 0x0000000083300000, 0x0000000083300000| Untracked 
|  52|0x0000000083400000, 0x0000000083400000, 0x0000000083500000|  0%| F|  |TAMS 0x0000000083400000, 0x0000000083400000| Untracked 
|  53|0x0000000083500000, 0x0000000083500000, 0x0000000083600000|  0%| F|  |TAMS 0x0000000083500000, 0x0000000083500000| Untracked 
|  54|0x0000000083600000, 0x0000000083600000, 0x0000000083700000|  0%| F|  |TAMS 0x0000000083600000, 0x0000000083600000| Untracked 
|  55|0x0000000083700000, 0x0000000083700000, 0x0000000083800000|  0%| F|  |TAMS 0x0000000083700000, 0x0000000083700000| Untracked 
|  56|0x0000000083800000, 0x0000000083800000, 0x0000000083900000|  0%| F|  |TAMS 0x0000000083800000, 0x0000000083800000| Untracked 
|  57|0x0000000083900000, 0x0000000083900000, 0x0000000083a00000|  0%| F|  |TAMS 0x0000000083900000, 0x0000000083900000| Untracked 
|  58|0x0000000083a00000, 0x0000000083a00000, 0x0000000083b00000|  0%| F|  |TAMS 0x0000000083a00000, 0x0000000083a00000| Untracked 
|  59|0x0000000083b00000, 0x0000000083b00000, 0x0000000083c00000|  0%| F|  |TAMS 0x0000000083b00000, 0x0000000083b00000| Untracked 
|  60|0x0000000083c00000, 0x0000000083c00000, 0x0000000083d00000|  0%| F|  |TAMS 0x0000000083c00000, 0x0000000083c00000| Untracked 
|  61|0x0000000083d00000, 0x0000000083d00000, 0x0000000083e00000|  0%| F|  |TAMS 0x0000000083d00000, 0x0000000083d00000| Untracked 
|  62|0x0000000083e00000, 0x0000000083e00000, 0x0000000083f00000|  0%| F|  |TAMS 0x0000000083e00000, 0x0000000083e00000| Untracked 
|  63|0x0000000083f00000, 0x0000000083f00000, 0x0000000084000000|  0%| F|  |TAMS 0x0000000083f00000, 0x0000000083f00000| Untracked 
|  64|0x0000000084000000, 0x0000000084000000, 0x0000000084100000|  0%| F|  |TAMS 0x0000000084000000, 0x0000000084000000| Untracked 
|  65|0x0000000084100000, 0x0000000084100000, 0x0000000084200000|  0%| F|  |TAMS 0x0000000084100000, 0x0000000084100000| Untracked 
|  66|0x0000000084200000, 0x0000000084200000, 0x0000000084300000|  0%| F|  |TAMS 0x0000000084200000, 0x0000000084200000| Untracked 
|  67|0x0000000084300000, 0x0000000084300000, 0x0000000084400000|  0%| F|  |TAMS 0x0000000084300000, 0x0000000084300000| Untracked 
|  68|0x0000000084400000, 0x0000000084400000, 0x0000000084500000|  0%| F|  |TAMS 0x0000000084400000, 0x0000000084400000| Untracked 
|  69|0x0000000084500000, 0x0000000084500000, 0x0000000084600000|  0%| F|  |TAMS 0x0000000084500000, 0x0000000084500000| Untracked 
|  70|0x0000000084600000, 0x0000000084600000, 0x0000000084700000|  0%| F|  |TAMS 0x0000000084600000, 0x0000000084600000| Untracked 
|  71|0x0000000084700000, 0x0000000084700000, 0x0000000084800000|  0%| F|  |TAMS 0x0000000084700000, 0x0000000084700000| Untracked 
|  72|0x0000000084800000, 0x0000000084800000, 0x0000000084900000|  0%| F|  |TAMS 0x0000000084800000, 0x0000000084800000| Untracked 
|  73|0x0000000084900000, 0x0000000084900000, 0x0000000084a00000|  0%| F|  |TAMS 0x0000000084900000, 0x0000000084900000| Untracked 
|  74|0x0000000084a00000, 0x0000000084a00000, 0x0000000084b00000|  0%| F|  |TAMS 0x0000000084a00000, 0x0000000084a00000| Untracked 
|  75|0x0000000084b00000, 0x0000000084b00000, 0x0000000084c00000|  0%| F|  |TAMS 0x0000000084b00000, 0x0000000084b00000| Untracked 
|  76|0x0000000084c00000, 0x0000000084c00000, 0x0000000084d00000|  0%| F|  |TAMS 0x0000000084c00000, 0x0000000084c00000| Untracked 
|  77|0x0000000084d00000, 0x0000000084d00000, 0x0000000084e00000|  0%| F|  |TAMS 0x0000000084d00000, 0x0000000084d00000| Untracked 
|  78|0x0000000084e00000, 0x0000000084e00000, 0x0000000084f00000|  0%| F|  |TAMS 0x0000000084e00000, 0x0000000084e00000| Untracked 
|  79|0x0000000084f00000, 0x0000000084f00000, 0x0000000085000000|  0%| F|  |TAMS 0x0000000084f00000, 0x0000000084f00000| Untracked 
|  80|0x0000000085000000, 0x0000000085000000, 0x0000000085100000|  0%| F|  |TAMS 0x0000000085000000, 0x0000000085000000| Untracked 
|  81|0x0000000085100000, 0x0000000085100000, 0x0000000085200000|  0%| F|  |TAMS 0x0000000085100000, 0x0000000085100000| Untracked 
|  82|0x0000000085200000, 0x0000000085200000, 0x0000000085300000|  0%| F|  |TAMS 0x0000000085200000, 0x0000000085200000| Untracked 
|  83|0x0000000085300000, 0x0000000085300000, 0x0000000085400000|  0%| F|  |TAMS 0x0000000085300000, 0x0000000085300000| Untracked 
|  84|0x0000000085400000, 0x0000000085400000, 0x0000000085500000|  0%| F|  |TAMS 0x0000000085400000, 0x0000000085400000| Untracked 
|  85|0x0000000085500000, 0x0000000085500000, 0x0000000085600000|  0%| F|  |TAMS 0x0000000085500000, 0x0000000085500000| Untracked 
|  86|0x0000000085600000, 0x0000000085600000, 0x0000000085700000|  0%| F|  |TAMS 0x0000000085600000, 0x0000000085600000| Untracked 
|  87|0x0000000085700000, 0x00000000857c7b50, 0x0000000085800000| 78%| S|CS|TAMS 0x0000000085700000, 0x0000000085700000| Complete 
|  88|0x0000000085800000, 0x0000000085900000, 0x0000000085900000|100%| S|CS|TAMS 0x0000000085800000, 0x0000000085800000| Complete 
|  89|0x0000000085900000, 0x0000000085a00000, 0x0000000085a00000|100%| S|CS|TAMS 0x0000000085900000, 0x0000000085900000| Complete 
|  90|0x0000000085a00000, 0x0000000085b00000, 0x0000000085b00000|100%| S|CS|TAMS 0x0000000085a00000, 0x0000000085a00000| Complete 
|  91|0x0000000085b00000, 0x0000000085c00000, 0x0000000085c00000|100%| S|CS|TAMS 0x0000000085b00000, 0x0000000085b00000| Complete 
|  92|0x0000000085c00000, 0x0000000085d00000, 0x0000000085d00000|100%| S|CS|TAMS 0x0000000085c00000, 0x0000000085c00000| Complete 
|  93|0x0000000085d00000, 0x0000000085e00000, 0x0000000085e00000|100%| S|CS|TAMS 0x0000000085d00000, 0x0000000085d00000| Complete 
|  94|0x0000000085e00000, 0x0000000085f00000, 0x0000000085f00000|100%| S|CS|TAMS 0x0000000085e00000, 0x0000000085e00000| Complete 
|  95|0x0000000085f00000, 0x0000000086000000, 0x0000000086000000|100%| S|CS|TAMS 0x0000000085f00000, 0x0000000085f00000| Complete 
|  96|0x0000000086000000, 0x0000000086100000, 0x0000000086100000|100%| S|CS|TAMS 0x0000000086000000, 0x0000000086000000| Complete 
|  97|0x0000000086100000, 0x0000000086200000, 0x0000000086200000|100%| S|CS|TAMS 0x0000000086100000, 0x0000000086100000| Complete 
|  98|0x0000000086200000, 0x0000000086300000, 0x0000000086300000|100%| S|CS|TAMS 0x0000000086200000, 0x0000000086200000| Complete 
|  99|0x0000000086300000, 0x0000000086400000, 0x0000000086400000|100%| S|CS|TAMS 0x0000000086300000, 0x0000000086300000| Complete 
| 100|0x0000000086400000, 0x0000000086500000, 0x0000000086500000|100%| S|CS|TAMS 0x0000000086400000, 0x0000000086400000| Complete 
| 101|0x0000000086500000, 0x0000000086500000, 0x0000000086600000|  0%| F|  |TAMS 0x0000000086500000, 0x0000000086500000| Untracked 
| 102|0x0000000086600000, 0x0000000086600000, 0x0000000086700000|  0%| F|  |TAMS 0x0000000086600000, 0x0000000086600000| Untracked 
| 103|0x0000000086700000, 0x0000000086700000, 0x0000000086800000|  0%| F|  |TAMS 0x0000000086700000, 0x0000000086700000| Untracked 
| 104|0x0000000086800000, 0x0000000086800000, 0x0000000086900000|  0%| F|  |TAMS 0x0000000086800000, 0x0000000086800000| Untracked 
| 105|0x0000000086900000, 0x0000000086900000, 0x0000000086a00000|  0%| F|  |TAMS 0x0000000086900000, 0x0000000086900000| Untracked 
| 106|0x0000000086a00000, 0x0000000086a00000, 0x0000000086b00000|  0%| F|  |TAMS 0x0000000086a00000, 0x0000000086a00000| Untracked 
| 107|0x0000000086b00000, 0x0000000086b00000, 0x0000000086c00000|  0%| F|  |TAMS 0x0000000086b00000, 0x0000000086b00000| Untracked 
| 108|0x0000000086c00000, 0x0000000086c00000, 0x0000000086d00000|  0%| F|  |TAMS 0x0000000086c00000, 0x0000000086c00000| Untracked 
| 109|0x0000000086d00000, 0x0000000086d00000, 0x0000000086e00000|  0%| F|  |TAMS 0x0000000086d00000, 0x0000000086d00000| Untracked 
| 110|0x0000000086e00000, 0x0000000086e00000, 0x0000000086f00000|  0%| F|  |TAMS 0x0000000086e00000, 0x0000000086e00000| Untracked 
| 111|0x0000000086f00000, 0x0000000086f00000, 0x0000000087000000|  0%| F|  |TAMS 0x0000000086f00000, 0x0000000086f00000| Untracked 
| 112|0x0000000087000000, 0x0000000087000000, 0x0000000087100000|  0%| F|  |TAMS 0x0000000087000000, 0x0000000087000000| Untracked 
| 113|0x0000000087100000, 0x0000000087100000, 0x0000000087200000|  0%| F|  |TAMS 0x0000000087100000, 0x0000000087100000| Untracked 
| 114|0x0000000087200000, 0x0000000087200000, 0x0000000087300000|  0%| F|  |TAMS 0x0000000087200000, 0x0000000087200000| Untracked 
| 115|0x0000000087300000, 0x0000000087300000, 0x0000000087400000|  0%| F|  |TAMS 0x0000000087300000, 0x0000000087300000| Untracked 
| 116|0x0000000087400000, 0x0000000087400000, 0x0000000087500000|  0%| F|  |TAMS 0x0000000087400000, 0x0000000087400000| Untracked 
| 117|0x0000000087500000, 0x0000000087500000, 0x0000000087600000|  0%| F|  |TAMS 0x0000000087500000, 0x0000000087500000| Untracked 
| 118|0x0000000087600000, 0x0000000087600000, 0x0000000087700000|  0%| F|  |TAMS 0x0000000087600000, 0x0000000087600000| Untracked 
| 119|0x0000000087700000, 0x0000000087700000, 0x0000000087800000|  0%| F|  |TAMS 0x0000000087700000, 0x0000000087700000| Untracked 
| 120|0x0000000087800000, 0x0000000087800000, 0x0000000087900000|  0%| F|  |TAMS 0x0000000087800000, 0x0000000087800000| Untracked 
| 121|0x0000000087900000, 0x0000000087900000, 0x0000000087a00000|  0%| F|  |TAMS 0x0000000087900000, 0x0000000087900000| Untracked 
| 122|0x0000000087a00000, 0x0000000087a00000, 0x0000000087b00000|  0%| F|  |TAMS 0x0000000087a00000, 0x0000000087a00000| Untracked 
| 123|0x0000000087b00000, 0x0000000087b00000, 0x0000000087c00000|  0%| F|  |TAMS 0x0000000087b00000, 0x0000000087b00000| Untracked 
| 124|0x0000000087c00000, 0x0000000087c00000, 0x0000000087d00000|  0%| F|  |TAMS 0x0000000087c00000, 0x0000000087c00000| Untracked 
| 125|0x0000000087d00000, 0x0000000087d00000, 0x0000000087e00000|  0%| F|  |TAMS 0x0000000087d00000, 0x0000000087d00000| Untracked 
| 126|0x0000000087e00000, 0x0000000087e00000, 0x0000000087f00000|  0%| F|  |TAMS 0x0000000087e00000, 0x0000000087e00000| Untracked 
| 127|0x0000000087f00000, 0x0000000087f00000, 0x0000000088000000|  0%| F|  |TAMS 0x0000000087f00000, 0x0000000087f00000| Untracked 
| 128|0x0000000088000000, 0x0000000088000000, 0x0000000088100000|  0%| F|  |TAMS 0x0000000088000000, 0x0000000088000000| Untracked 
| 129|0x0000000088100000, 0x0000000088100000, 0x0000000088200000|  0%| F|  |TAMS 0x0000000088100000, 0x0000000088100000| Untracked 
| 130|0x0000000088200000, 0x0000000088200000, 0x0000000088300000|  0%| F|  |TAMS 0x0000000088200000, 0x0000000088200000| Untracked 
| 131|0x0000000088300000, 0x0000000088300000, 0x0000000088400000|  0%| F|  |TAMS 0x0000000088300000, 0x0000000088300000| Untracked 
| 132|0x0000000088400000, 0x0000000088400000, 0x0000000088500000|  0%| F|  |TAMS 0x0000000088400000, 0x0000000088400000| Untracked 
| 133|0x0000000088500000, 0x0000000088500000, 0x0000000088600000|  0%| F|  |TAMS 0x0000000088500000, 0x0000000088500000| Untracked 
| 134|0x0000000088600000, 0x0000000088600000, 0x0000000088700000|  0%| F|  |TAMS 0x0000000088600000, 0x0000000088600000| Untracked 
| 135|0x0000000088700000, 0x0000000088700000, 0x0000000088800000|  0%| F|  |TAMS 0x0000000088700000, 0x0000000088700000| Untracked 
| 136|0x0000000088800000, 0x0000000088800000, 0x0000000088900000|  0%| F|  |TAMS 0x0000000088800000, 0x0000000088800000| Untracked 
| 137|0x0000000088900000, 0x0000000088900000, 0x0000000088a00000|  0%| F|  |TAMS 0x0000000088900000, 0x0000000088900000| Untracked 
| 138|0x0000000088a00000, 0x0000000088a00000, 0x0000000088b00000|  0%| F|  |TAMS 0x0000000088a00000, 0x0000000088a00000| Untracked 
| 139|0x0000000088b00000, 0x0000000088b00000, 0x0000000088c00000|  0%| F|  |TAMS 0x0000000088b00000, 0x0000000088b00000| Untracked 
| 140|0x0000000088c00000, 0x0000000088c00000, 0x0000000088d00000|  0%| F|  |TAMS 0x0000000088c00000, 0x0000000088c00000| Untracked 
| 141|0x0000000088d00000, 0x0000000088d00000, 0x0000000088e00000|  0%| F|  |TAMS 0x0000000088d00000, 0x0000000088d00000| Untracked 
| 142|0x0000000088e00000, 0x0000000088e00000, 0x0000000088f00000|  0%| F|  |TAMS 0x0000000088e00000, 0x0000000088e00000| Untracked 
| 143|0x0000000088f00000, 0x0000000088f00000, 0x0000000089000000|  0%| F|  |TAMS 0x0000000088f00000, 0x0000000088f00000| Untracked 
| 144|0x0000000089000000, 0x0000000089000000, 0x0000000089100000|  0%| F|  |TAMS 0x0000000089000000, 0x0000000089000000| Untracked 
| 145|0x0000000089100000, 0x0000000089100000, 0x0000000089200000|  0%| F|  |TAMS 0x0000000089100000, 0x0000000089100000| Untracked 
| 146|0x0000000089200000, 0x0000000089200000, 0x0000000089300000|  0%| F|  |TAMS 0x0000000089200000, 0x0000000089200000| Untracked 
| 147|0x0000000089300000, 0x0000000089300000, 0x0000000089400000|  0%| F|  |TAMS 0x0000000089300000, 0x0000000089300000| Untracked 
| 148|0x0000000089400000, 0x0000000089400000, 0x0000000089500000|  0%| F|  |TAMS 0x0000000089400000, 0x0000000089400000| Untracked 
| 149|0x0000000089500000, 0x0000000089500000, 0x0000000089600000|  0%| F|  |TAMS 0x0000000089500000, 0x0000000089500000| Untracked 
| 150|0x0000000089600000, 0x0000000089600000, 0x0000000089700000|  0%| F|  |TAMS 0x0000000089600000, 0x0000000089600000| Untracked 
| 151|0x0000000089700000, 0x0000000089700000, 0x0000000089800000|  0%| F|  |TAMS 0x0000000089700000, 0x0000000089700000| Untracked 
| 152|0x0000000089800000, 0x0000000089800000, 0x0000000089900000|  0%| F|  |TAMS 0x0000000089800000, 0x0000000089800000| Untracked 
| 153|0x0000000089900000, 0x0000000089900000, 0x0000000089a00000|  0%| F|  |TAMS 0x0000000089900000, 0x0000000089900000| Untracked 
| 154|0x0000000089a00000, 0x0000000089a00000, 0x0000000089b00000|  0%| F|  |TAMS 0x0000000089a00000, 0x0000000089a00000| Untracked 
| 155|0x0000000089b00000, 0x0000000089b00000, 0x0000000089c00000|  0%| F|  |TAMS 0x0000000089b00000, 0x0000000089b00000| Untracked 
| 156|0x0000000089c00000, 0x0000000089c00000, 0x0000000089d00000|  0%| F|  |TAMS 0x0000000089c00000, 0x0000000089c00000| Untracked 
| 157|0x0000000089d00000, 0x0000000089d00000, 0x0000000089e00000|  0%| F|  |TAMS 0x0000000089d00000, 0x0000000089d00000| Untracked 
| 158|0x0000000089e00000, 0x0000000089e00000, 0x0000000089f00000|  0%| F|  |TAMS 0x0000000089e00000, 0x0000000089e00000| Untracked 
| 159|0x0000000089f00000, 0x0000000089f00000, 0x000000008a000000|  0%| F|  |TAMS 0x0000000089f00000, 0x0000000089f00000| Untracked 
| 160|0x000000008a000000, 0x000000008a000000, 0x000000008a100000|  0%| F|  |TAMS 0x000000008a000000, 0x000000008a000000| Untracked 
| 161|0x000000008a100000, 0x000000008a100000, 0x000000008a200000|  0%| F|  |TAMS 0x000000008a100000, 0x000000008a100000| Untracked 
| 162|0x000000008a200000, 0x000000008a200000, 0x000000008a300000|  0%| F|  |TAMS 0x000000008a200000, 0x000000008a200000| Untracked 
| 163|0x000000008a300000, 0x000000008a300000, 0x000000008a400000|  0%| F|  |TAMS 0x000000008a300000, 0x000000008a300000| Untracked 
| 164|0x000000008a400000, 0x000000008a400000, 0x000000008a500000|  0%| F|  |TAMS 0x000000008a400000, 0x000000008a400000| Untracked 
| 165|0x000000008a500000, 0x000000008a500000, 0x000000008a600000|  0%| F|  |TAMS 0x000000008a500000, 0x000000008a500000| Untracked 
| 166|0x000000008a600000, 0x000000008a600000, 0x000000008a700000|  0%| F|  |TAMS 0x000000008a600000, 0x000000008a600000| Untracked 
| 167|0x000000008a700000, 0x000000008a700000, 0x000000008a800000|  0%| F|  |TAMS 0x000000008a700000, 0x000000008a700000| Untracked 
| 168|0x000000008a800000, 0x000000008a800000, 0x000000008a900000|  0%| F|  |TAMS 0x000000008a800000, 0x000000008a800000| Untracked 
| 169|0x000000008a900000, 0x000000008a900000, 0x000000008aa00000|  0%| F|  |TAMS 0x000000008a900000, 0x000000008a900000| Untracked 
| 170|0x000000008aa00000, 0x000000008aa00000, 0x000000008ab00000|  0%| F|  |TAMS 0x000000008aa00000, 0x000000008aa00000| Untracked 
| 171|0x000000008ab00000, 0x000000008ab00000, 0x000000008ac00000|  0%| F|  |TAMS 0x000000008ab00000, 0x000000008ab00000| Untracked 
| 172|0x000000008ac00000, 0x000000008ac00000, 0x000000008ad00000|  0%| F|  |TAMS 0x000000008ac00000, 0x000000008ac00000| Untracked 
| 173|0x000000008ad00000, 0x000000008ad00000, 0x000000008ae00000|  0%| F|  |TAMS 0x000000008ad00000, 0x000000008ad00000| Untracked 
| 174|0x000000008ae00000, 0x000000008ae00000, 0x000000008af00000|  0%| F|  |TAMS 0x000000008ae00000, 0x000000008ae00000| Untracked 
| 175|0x000000008af00000, 0x000000008af00000, 0x000000008b000000|  0%| F|  |TAMS 0x000000008af00000, 0x000000008af00000| Untracked 
| 176|0x000000008b000000, 0x000000008b000000, 0x000000008b100000|  0%| F|  |TAMS 0x000000008b000000, 0x000000008b000000| Untracked 
| 177|0x000000008b100000, 0x000000008b100000, 0x000000008b200000|  0%| F|  |TAMS 0x000000008b100000, 0x000000008b100000| Untracked 
| 178|0x000000008b200000, 0x000000008b200000, 0x000000008b300000|  0%| F|  |TAMS 0x000000008b200000, 0x000000008b200000| Untracked 
| 179|0x000000008b300000, 0x000000008b300000, 0x000000008b400000|  0%| F|  |TAMS 0x000000008b300000, 0x000000008b300000| Untracked 
| 180|0x000000008b400000, 0x000000008b400000, 0x000000008b500000|  0%| F|  |TAMS 0x000000008b400000, 0x000000008b400000| Untracked 
| 181|0x000000008b500000, 0x000000008b500000, 0x000000008b600000|  0%| F|  |TAMS 0x000000008b500000, 0x000000008b500000| Untracked 
| 182|0x000000008b600000, 0x000000008b600000, 0x000000008b700000|  0%| F|  |TAMS 0x000000008b600000, 0x000000008b600000| Untracked 
| 183|0x000000008b700000, 0x000000008b700000, 0x000000008b800000|  0%| F|  |TAMS 0x000000008b700000, 0x000000008b700000| Untracked 
| 184|0x000000008b800000, 0x000000008b800000, 0x000000008b900000|  0%| F|  |TAMS 0x000000008b800000, 0x000000008b800000| Untracked 
| 185|0x000000008b900000, 0x000000008b900000, 0x000000008ba00000|  0%| F|  |TAMS 0x000000008b900000, 0x000000008b900000| Untracked 
| 186|0x000000008ba00000, 0x000000008bb00000, 0x000000008bb00000|100%| E|  |TAMS 0x000000008ba00000, 0x000000008ba00000| Complete 
| 187|0x000000008bb00000, 0x000000008bc00000, 0x000000008bc00000|100%| E|CS|TAMS 0x000000008bb00000, 0x000000008bb00000| Complete 
| 188|0x000000008bc00000, 0x000000008bd00000, 0x000000008bd00000|100%| E|CS|TAMS 0x000000008bc00000, 0x000000008bc00000| Complete 
| 189|0x000000008bd00000, 0x000000008be00000, 0x000000008be00000|100%| E|CS|TAMS 0x000000008bd00000, 0x000000008bd00000| Complete 
| 190|0x000000008be00000, 0x000000008bf00000, 0x000000008bf00000|100%| E|CS|TAMS 0x000000008be00000, 0x000000008be00000| Complete 
| 191|0x000000008bf00000, 0x000000008c000000, 0x000000008c000000|100%| E|CS|TAMS 0x000000008bf00000, 0x000000008bf00000| Complete 
| 192|0x000000008c000000, 0x000000008c100000, 0x000000008c100000|100%| E|CS|TAMS 0x000000008c000000, 0x000000008c000000| Complete 
| 193|0x000000008c100000, 0x000000008c200000, 0x000000008c200000|100%| E|CS|TAMS 0x000000008c100000, 0x000000008c100000| Complete 
| 194|0x000000008c200000, 0x000000008c300000, 0x000000008c300000|100%| E|CS|TAMS 0x000000008c200000, 0x000000008c200000| Complete 
| 195|0x000000008c300000, 0x000000008c400000, 0x000000008c400000|100%| E|CS|TAMS 0x000000008c300000, 0x000000008c300000| Complete 
| 196|0x000000008c400000, 0x000000008c500000, 0x000000008c500000|100%| E|CS|TAMS 0x000000008c400000, 0x000000008c400000| Complete 
| 197|0x000000008c500000, 0x000000008c600000, 0x000000008c600000|100%| E|CS|TAMS 0x000000008c500000, 0x000000008c500000| Complete 
| 198|0x000000008c600000, 0x000000008c700000, 0x000000008c700000|100%| E|CS|TAMS 0x000000008c600000, 0x000000008c600000| Complete 
| 199|0x000000008c700000, 0x000000008c800000, 0x000000008c800000|100%| E|CS|TAMS 0x000000008c700000, 0x000000008c700000| Complete 
| 200|0x000000008c800000, 0x000000008c900000, 0x000000008c900000|100%| E|CS|TAMS 0x000000008c800000, 0x000000008c800000| Complete 
| 201|0x000000008c900000, 0x000000008ca00000, 0x000000008ca00000|100%| E|CS|TAMS 0x000000008c900000, 0x000000008c900000| Complete 
| 202|0x000000008ca00000, 0x000000008cb00000, 0x000000008cb00000|100%| E|CS|TAMS 0x000000008ca00000, 0x000000008ca00000| Complete 
| 203|0x000000008cb00000, 0x000000008cc00000, 0x000000008cc00000|100%| E|CS|TAMS 0x000000008cb00000, 0x000000008cb00000| Complete 
| 204|0x000000008cc00000, 0x000000008cd00000, 0x000000008cd00000|100%| E|CS|TAMS 0x000000008cc00000, 0x000000008cc00000| Complete 
| 205|0x000000008cd00000, 0x000000008ce00000, 0x000000008ce00000|100%| E|CS|TAMS 0x000000008cd00000, 0x000000008cd00000| Complete 
| 206|0x000000008ce00000, 0x000000008cf00000, 0x000000008cf00000|100%| E|CS|TAMS 0x000000008ce00000, 0x000000008ce00000| Complete 
| 207|0x000000008cf00000, 0x000000008d000000, 0x000000008d000000|100%| E|CS|TAMS 0x000000008cf00000, 0x000000008cf00000| Complete 
| 208|0x000000008d000000, 0x000000008d100000, 0x000000008d100000|100%| E|CS|TAMS 0x000000008d000000, 0x000000008d000000| Complete 
| 209|0x000000008d100000, 0x000000008d200000, 0x000000008d200000|100%| E|CS|TAMS 0x000000008d100000, 0x000000008d100000| Complete 
| 210|0x000000008d200000, 0x000000008d300000, 0x000000008d300000|100%| E|CS|TAMS 0x000000008d200000, 0x000000008d200000| Complete 
| 211|0x000000008d300000, 0x000000008d400000, 0x000000008d400000|100%| E|CS|TAMS 0x000000008d300000, 0x000000008d300000| Complete 
| 212|0x000000008d400000, 0x000000008d500000, 0x000000008d500000|100%| E|CS|TAMS 0x000000008d400000, 0x000000008d400000| Complete 
| 213|0x000000008d500000, 0x000000008d600000, 0x000000008d600000|100%| E|CS|TAMS 0x000000008d500000, 0x000000008d500000| Complete 
| 214|0x000000008d600000, 0x000000008d700000, 0x000000008d700000|100%| E|CS|TAMS 0x000000008d600000, 0x000000008d600000| Complete 
| 215|0x000000008d700000, 0x000000008d800000, 0x000000008d800000|100%| E|CS|TAMS 0x000000008d700000, 0x000000008d700000| Complete 
| 216|0x000000008d800000, 0x000000008d900000, 0x000000008d900000|100%| E|CS|TAMS 0x000000008d800000, 0x000000008d800000| Complete 
| 217|0x000000008d900000, 0x000000008da00000, 0x000000008da00000|100%| E|CS|TAMS 0x000000008d900000, 0x000000008d900000| Complete 
| 218|0x000000008da00000, 0x000000008db00000, 0x000000008db00000|100%| E|CS|TAMS 0x000000008da00000, 0x000000008da00000| Complete 
| 219|0x000000008db00000, 0x000000008dc00000, 0x000000008dc00000|100%| E|CS|TAMS 0x000000008db00000, 0x000000008db00000| Complete 
| 220|0x000000008dc00000, 0x000000008dd00000, 0x000000008dd00000|100%| E|CS|TAMS 0x000000008dc00000, 0x000000008dc00000| Complete 
| 221|0x000000008dd00000, 0x000000008de00000, 0x000000008de00000|100%| E|CS|TAMS 0x000000008dd00000, 0x000000008dd00000| Complete 
| 222|0x000000008de00000, 0x000000008df00000, 0x000000008df00000|100%| E|CS|TAMS 0x000000008de00000, 0x000000008de00000| Complete 
| 223|0x000000008df00000, 0x000000008e000000, 0x000000008e000000|100%| E|CS|TAMS 0x000000008df00000, 0x000000008df00000| Complete 
| 224|0x000000008e000000, 0x000000008e100000, 0x000000008e100000|100%| E|CS|TAMS 0x000000008e000000, 0x000000008e000000| Complete 
| 225|0x000000008e100000, 0x000000008e200000, 0x000000008e200000|100%| E|CS|TAMS 0x000000008e100000, 0x000000008e100000| Complete 
| 226|0x000000008e200000, 0x000000008e300000, 0x000000008e300000|100%| E|CS|TAMS 0x000000008e200000, 0x000000008e200000| Complete 
| 227|0x000000008e300000, 0x000000008e400000, 0x000000008e400000|100%| E|CS|TAMS 0x000000008e300000, 0x000000008e300000| Complete 
| 228|0x000000008e400000, 0x000000008e500000, 0x000000008e500000|100%| E|CS|TAMS 0x000000008e400000, 0x000000008e400000| Complete 
| 229|0x000000008e500000, 0x000000008e600000, 0x000000008e600000|100%| E|CS|TAMS 0x000000008e500000, 0x000000008e500000| Complete 
| 230|0x000000008e600000, 0x000000008e700000, 0x000000008e700000|100%| E|CS|TAMS 0x000000008e600000, 0x000000008e600000| Complete 
| 231|0x000000008e700000, 0x000000008e800000, 0x000000008e800000|100%| E|CS|TAMS 0x000000008e700000, 0x000000008e700000| Complete 
| 232|0x000000008e800000, 0x000000008e900000, 0x000000008e900000|100%| E|CS|TAMS 0x000000008e800000, 0x000000008e800000| Complete 
| 233|0x000000008e900000, 0x000000008ea00000, 0x000000008ea00000|100%| E|CS|TAMS 0x000000008e900000, 0x000000008e900000| Complete 
| 234|0x000000008ea00000, 0x000000008eb00000, 0x000000008eb00000|100%| E|CS|TAMS 0x000000008ea00000, 0x000000008ea00000| Complete 
| 235|0x000000008eb00000, 0x000000008ec00000, 0x000000008ec00000|100%| E|CS|TAMS 0x000000008eb00000, 0x000000008eb00000| Complete 
| 236|0x000000008ec00000, 0x000000008ed00000, 0x000000008ed00000|100%| E|CS|TAMS 0x000000008ec00000, 0x000000008ec00000| Complete 
| 237|0x000000008ed00000, 0x000000008ee00000, 0x000000008ee00000|100%| E|CS|TAMS 0x000000008ed00000, 0x000000008ed00000| Complete 
| 238|0x000000008ee00000, 0x000000008ef00000, 0x000000008ef00000|100%| E|CS|TAMS 0x000000008ee00000, 0x000000008ee00000| Complete 
| 239|0x000000008ef00000, 0x000000008f000000, 0x000000008f000000|100%| E|CS|TAMS 0x000000008ef00000, 0x000000008ef00000| Complete 
| 240|0x000000008f000000, 0x000000008f100000, 0x000000008f100000|100%| E|CS|TAMS 0x000000008f000000, 0x000000008f000000| Complete 
| 241|0x000000008f100000, 0x000000008f200000, 0x000000008f200000|100%| E|CS|TAMS 0x000000008f100000, 0x000000008f100000| Complete 
| 242|0x000000008f200000, 0x000000008f300000, 0x000000008f300000|100%| E|CS|TAMS 0x000000008f200000, 0x000000008f200000| Complete 
| 243|0x000000008f300000, 0x000000008f400000, 0x000000008f400000|100%| E|CS|TAMS 0x000000008f300000, 0x000000008f300000| Complete 
| 244|0x000000008f400000, 0x000000008f500000, 0x000000008f500000|100%| E|CS|TAMS 0x000000008f400000, 0x000000008f400000| Complete 
| 245|0x000000008f500000, 0x000000008f600000, 0x000000008f600000|100%| E|CS|TAMS 0x000000008f500000, 0x000000008f500000| Complete 
| 246|0x000000008f600000, 0x000000008f700000, 0x000000008f700000|100%| E|CS|TAMS 0x000000008f600000, 0x000000008f600000| Complete 
| 247|0x000000008f700000, 0x000000008f800000, 0x000000008f800000|100%| E|CS|TAMS 0x000000008f700000, 0x000000008f700000| Complete 
| 248|0x000000008f800000, 0x000000008f900000, 0x000000008f900000|100%| E|CS|TAMS 0x000000008f800000, 0x000000008f800000| Complete 
| 249|0x000000008f900000, 0x000000008fa00000, 0x000000008fa00000|100%| E|CS|TAMS 0x000000008f900000, 0x000000008f900000| Complete 
| 250|0x000000008fa00000, 0x000000008fb00000, 0x000000008fb00000|100%| E|CS|TAMS 0x000000008fa00000, 0x000000008fa00000| Complete 
| 251|0x000000008fb00000, 0x000000008fc00000, 0x000000008fc00000|100%| E|CS|TAMS 0x000000008fb00000, 0x000000008fb00000| Complete 

Card table byte_map: [0x000001cdf9be0000,0x000001cdf9fe0000] _byte_map_base: 0x000001cdf97e0000

Marking Bits (Prev, Next): (CMBitMap*) 0x000001cdf91ef010, (CMBitMap*) 0x000001cdf91eefd8
 Prev Bits: [0x000001cdfc3e0000, 0x000001cdfe3e0000)
 Next Bits: [0x000001cdfa3e0000, 0x000001cdfc3e0000)

Polling page: 0x000001cdf7130000

Metaspace:

Usage:
  Non-class:     64.49 MB capacity,    63.21 MB ( 98%) used,     1.04 MB (  2%) free+waste,   235.88 KB ( <1%) overhead. 
      Class:     10.31 MB capacity,     9.46 MB ( 92%) used,   756.50 KB (  7%) free+waste,   113.13 KB (  1%) overhead. 
       Both:     74.80 MB capacity,    72.67 MB ( 97%) used,     1.78 MB (  2%) free+waste,   349.00 KB ( <1%) overhead. 

Virtual space:
  Non-class space:       66.00 MB reserved,      64.58 MB ( 98%) committed 
      Class space:      504.00 MB reserved,      10.38 MB (  2%) committed 
             Both:      570.00 MB reserved,      74.96 MB ( 13%) committed 

Chunk freelists:
   Non-Class:  31.00 KB
       Class:  1.00 KB
        Both:  32.00 KB

MaxMetaspaceSize: 512.00 MB
CompressedClassSpaceSize: 504.00 MB
Initial GC threshold: 20.80 MB
Current GC threshold: 98.68 MB
CDS: off

CodeHeap 'non-profiled nmethods': size=120000Kb used=4787Kb max_used=4787Kb free=115212Kb
 bounds [0x000001cd90170000, 0x000001cd90620000, 0x000001cd976a0000]
CodeHeap 'profiled nmethods': size=120000Kb used=15957Kb max_used=15957Kb free=104042Kb
 bounds [0x000001cd88c40000, 0x000001cd89be0000, 0x000001cd90170000]
CodeHeap 'non-nmethods': size=5760Kb used=2362Kb max_used=2406Kb free=3398Kb
 bounds [0x000001cd886a0000, 0x000001cd88910000, 0x000001cd88c40000]
 total_blobs=8517 nmethods=7637 adapters=792
 compilation: enabled
              stopped_count=0, restarted_count=0
 full_count=0

Compilation events (20 events):
Event: 13.467 Thread 0x000001cdff91a000 7627       3       org.gradle.api.internal.artifacts.configurations.DefaultConfiguration::runDependencyActions (78 bytes)
Event: 13.467 Thread 0x000001cdff91a000 nmethod 7627 0x000001cd89bc6c90 code [0x000001cd89bc6f00, 0x000001cd89bc7998]
Event: 13.467 Thread 0x000001cdff91a000 7628       3       org.gradle.internal.instantiation.generator.Jsr330ConstructorSelector::forType (32 bytes)
Event: 13.468 Thread 0x000001cdff91a000 nmethod 7628 0x000001cd89bc7c90 code [0x000001cd89bc7ec0, 0x000001cd89bc87e8]
Event: 13.468 Thread 0x000001cdff91a000 7633       3       org.gradle.internal.instantiation.generator.Jsr330ConstructorSelector::vetoParameters (71 bytes)
Event: 13.468 Thread 0x000001cdff91a000 nmethod 7633 0x000001cd89bc8b10 code [0x000001cd89bc8d20, 0x000001cd89bc92e8]
Event: 13.468 Thread 0x000001cdff91a000 7629       3       org.gradle.internal.instantiation.generator.Jsr330ConstructorSelector$$Lambda$97/0x0000000100227c40::get$Lambda (10 bytes)
Event: 13.468 Thread 0x000001cdff91a000 nmethod 7629 0x000001cd89bc9510 code [0x000001cd89bc96e0, 0x000001cd89bc9998]
Event: 13.468 Thread 0x000001cdff91a000 7630       3       org.gradle.internal.instantiation.generator.Jsr330ConstructorSelector$$Lambda$97/0x0000000100227c40::<init> (15 bytes)
Event: 13.468 Thread 0x000001cdff91a000 nmethod 7630 0x000001cd89bc9a90 code [0x000001cd89bc9c40, 0x000001cd89bc9e58]
Event: 13.468 Thread 0x000001cdff91a000 7631       3       org.gradle.internal.instantiation.generator.Jsr330ConstructorSelector$CachedConstructor::getConstructor (17 bytes)
Event: 13.469 Thread 0x000001cdff91a000 nmethod 7631 0x000001cd89bc9f10 code [0x000001cd89bca0c0, 0x000001cd89bca218]
Event: 13.469 Thread 0x000001cdff91a000 7632       3       org.gradle.internal.instantiation.generator.Jsr330ConstructorSelector::forParams (6 bytes)
Event: 13.470 Thread 0x000001cdff91a000 nmethod 7632 0x000001cd89bca310 code [0x000001cd89bca540, 0x000001cd89bcae48]
Event: 13.470 Thread 0x000001cdff91a000 7634       3       org.gradle.api.internal.artifacts.ivyservice.ivyresolve.ComponentMetaDataResolveState::<init> (37 bytes)
Event: 13.470 Thread 0x000001cdff91a000 nmethod 7634 0x000001cd89bcb190 code [0x000001cd89bcb380, 0x000001cd89bcb898]
Event: 13.470 Thread 0x000001cdff91a000 7635       3       org.gradle.internal.resolve.result.DefaultBuildableModuleComponentMetaDataResolveResult::<init> (12 bytes)
Event: 13.470 Thread 0x000001cdff91a000 nmethod 7635 0x000001cd89bcba10 code [0x000001cd89bcbbe0, 0x000001cd89bcbe18]
Event: 13.470 Thread 0x000001cdff91a000 7636       3       org.gradle.internal.component.external.model.ImmutableCapability::defaultCapabilityForComponent (26 bytes)
Event: 13.471 Thread 0x000001cdff91a000 nmethod 7636 0x000001cd89bcbf10 code [0x000001cd89bcc100, 0x000001cd89bcc4c8]

GC Heap History (16 events):
Event: 0.839 GC heap before
{Heap before GC invocations=0 (full 0):
 garbage-first heap   total 258048K, used 27648K [0x0000000080000000, 0x0000000100000000)
  region size 1024K, 24 young (24576K), 0 survivors (0K)
 Metaspace       used 9811K, capacity 10016K, committed 10112K, reserved 526336K
  class space    used 1000K, capacity 1069K, committed 1152K, reserved 516096K
}
Event: 0.842 GC heap after
{Heap after GC invocations=1 (full 0):
 garbage-first heap   total 258048K, used 10416K [0x0000000080000000, 0x0000000100000000)
  region size 1024K, 3 young (3072K), 3 survivors (3072K)
 Metaspace       used 9811K, capacity 10016K, committed 10112K, reserved 526336K
  class space    used 1000K, capacity 1069K, committed 1152K, reserved 516096K
}
Event: 2.745 GC heap before
{Heap before GC invocations=1 (full 0):
 garbage-first heap   total 258048K, used 100528K [0x0000000080000000, 0x0000000100000000)
  region size 1024K, 91 young (93184K), 3 survivors (3072K)
 Metaspace       used 20748K, capacity 21155K, committed 21296K, reserved 536576K
  class space    used 2454K, capacity 2639K, committed 2688K, reserved 516096K
}
Event: 2.753 GC heap after
{Heap after GC invocations=2 (full 0):
 garbage-first heap   total 258048K, used 17896K [0x0000000080000000, 0x0000000100000000)
  region size 1024K, 11 young (11264K), 11 survivors (11264K)
 Metaspace       used 20748K, capacity 21155K, committed 21296K, reserved 536576K
  class space    used 2454K, capacity 2639K, committed 2688K, reserved 516096K
}
Event: 3.177 GC heap before
{Heap before GC invocations=3 (full 0):
 garbage-first heap   total 258048K, used 54760K [0x0000000080000000, 0x0000000100000000)
  region size 1024K, 47 young (48128K), 11 survivors (11264K)
 Metaspace       used 24352K, capacity 24919K, committed 25264K, reserved 538624K
  class space    used 3021K, capacity 3238K, committed 3328K, reserved 516096K
}
Event: 3.183 GC heap after
{Heap after GC invocations=4 (full 0):
 garbage-first heap   total 258048K, used 19633K [0x0000000080000000, 0x0000000100000000)
  region size 1024K, 2 young (2048K), 2 survivors (2048K)
 Metaspace       used 24352K, capacity 24919K, committed 25264K, reserved 538624K
  class space    used 3021K, capacity 3238K, committed 3328K, reserved 516096K
}
Event: 4.351 GC heap before
{Heap before GC invocations=4 (full 0):
 garbage-first heap   total 258048K, used 113841K [0x0000000080000000, 0x0000000100000000)
  region size 1024K, 95 young (97280K), 2 survivors (2048K)
 Metaspace       used 34955K, capacity 35786K, committed 35920K, reserved 548864K
  class space    used 4441K, capacity 4782K, committed 4864K, reserved 516096K
}
Event: 4.360 GC heap after
{Heap after GC invocations=5 (full 0):
 garbage-first heap   total 258048K, used 23563K [0x0000000080000000, 0x0000000100000000)
  region size 1024K, 6 young (6144K), 6 survivors (6144K)
 Metaspace       used 34955K, capacity 35786K, committed 35920K, reserved 548864K
  class space    used 4441K, capacity 4782K, committed 4864K, reserved 516096K
}
Event: 8.112 GC heap before
{Heap before GC invocations=6 (full 0):
 garbage-first heap   total 258048K, used 145419K [0x0000000080000000, 0x0000000100000000)
  region size 1024K, 123 young (125952K), 6 survivors (6144K)
 Metaspace       used 47402K, capacity 48642K, committed 48848K, reserved 559104K
  class space    used 5982K, capacity 6444K, committed 6528K, reserved 516096K
}
Event: 8.121 GC heap after
{Heap after GC invocations=7 (full 0):
 garbage-first heap   total 258048K, used 32681K [0x0000000080000000, 0x0000000100000000)
  region size 1024K, 15 young (15360K), 15 survivors (15360K)
 Metaspace       used 47402K, capacity 48642K, committed 48848K, reserved 559104K
  class space    used 5982K, capacity 6444K, committed 6528K, reserved 516096K
}
Event: 9.674 GC heap before
{Heap before GC invocations=7 (full 0):
 garbage-first heap   total 258048K, used 165801K [0x0000000080000000, 0x0000000100000000)
  region size 1024K, 145 young (148480K), 15 survivors (15360K)
 Metaspace       used 57024K, capacity 58612K, committed 58832K, reserved 567296K
  class space    used 7352K, capacity 7984K, committed 8064K, reserved 516096K
}
Event: 9.682 GC heap after
{Heap after GC invocations=8 (full 0):
 garbage-first heap   total 258048K, used 36737K [0x0000000080000000, 0x0000000100000000)
  region size 1024K, 14 young (14336K), 14 survivors (14336K)
 Metaspace       used 57024K, capacity 58612K, committed 58832K, reserved 567296K
  class space    used 7352K, capacity 7984K, committed 8064K, reserved 516096K
}
Event: 10.058 GC heap before
{Heap before GC invocations=8 (full 0):
 garbage-first heap   total 258048K, used 64385K [0x0000000080000000, 0x0000000100000000)
  region size 1024K, 36 young (36864K), 14 survivors (14336K)
 Metaspace       used 58635K, capacity 60204K, committed 60296K, reserved 569344K
  class space    used 7532K, capacity 8195K, committed 8248K, reserved 516096K
}
Event: 10.072 GC heap after
{Heap after GC invocations=9 (full 0):
 garbage-first heap   total 258048K, used 46633K [0x0000000080000000, 0x0000000100000000)
  region size 1024K, 9 young (9216K), 9 survivors (9216K)
 Metaspace       used 58635K, capacity 60204K, committed 60296K, reserved 569344K
  class space    used 7532K, capacity 8195K, committed 8248K, reserved 516096K
}
Event: 11.709 GC heap before
{Heap before GC invocations=10 (full 0):
 garbage-first heap   total 258048K, used 191017K [0x0000000080000000, 0x0000000100000000)
  region size 1024K, 151 young (154624K), 9 survivors (9216K)
 Metaspace       used 70617K, capacity 72557K, committed 72788K, reserved 579584K
  class space    used 9144K, capacity 9938K, committed 9988K, reserved 516096K
}
Event: 11.715 GC heap after
{Heap after GC invocations=11 (full 0):
 garbage-first heap   total 258048K, used 52305K [0x0000000080000000, 0x0000000100000000)
  region size 1024K, 14 young (14336K), 14 survivors (14336K)
 Metaspace       used 70617K, capacity 72557K, committed 72788K, reserved 579584K
  class space    used 9144K, capacity 9938K, committed 9988K, reserved 516096K
}

Deoptimization events (20 events):
Event: 12.306 Thread 0x000001cd9b30b800 Uncommon trap: trap_request=0xffffffde fr.pc=0x000001cd90580c68 relative=0x0000000000001328
Event: 12.306 Thread 0x000001cd9b30b800 Uncommon trap: reason=class_check action=maybe_recompile pc=0x000001cd90580c68 method=java.util.concurrent.ConcurrentHashMap.putVal(Ljava/lang/Object;Ljava/lang/Object;Z)Ljava/lang/Object; @ 242 c2
Event: 12.306 Thread 0x000001cd9b30b800 DEOPT PACKING pc=0x000001cd90580c68 sp=0x0000008eaccf7d10
Event: 12.306 Thread 0x000001cd9b30b800 DEOPT UNPACKING pc=0x000001cd886ea1af sp=0x0000008eaccf7c90 mode 2
Event: 13.376 Thread 0x000001cd9b30b800 Uncommon trap: trap_request=0xffffffc6 fr.pc=0x000001cd9055601c relative=0x00000000000000dc
Event: 13.376 Thread 0x000001cd9b30b800 Uncommon trap: reason=bimorphic_or_optimized_type_check action=maybe_recompile pc=0x000001cd9055601c method=com.google.common.collect.AbstractIndexedListIterator.next()Ljava/lang/Object; @ 27 c2
Event: 13.376 Thread 0x000001cd9b30b800 DEOPT PACKING pc=0x000001cd9055601c sp=0x0000008eaccf5d10
Event: 13.376 Thread 0x000001cd9b30b800 DEOPT UNPACKING pc=0x000001cd886ea1af sp=0x0000008eaccf5ca8 mode 2
Event: 13.398 Thread 0x000001cd9b30b800 Uncommon trap: trap_request=0xffffffc6 fr.pc=0x000001cd9055601c relative=0x00000000000000dc
Event: 13.398 Thread 0x000001cd9b30b800 Uncommon trap: reason=bimorphic_or_optimized_type_check action=maybe_recompile pc=0x000001cd9055601c method=com.google.common.collect.AbstractIndexedListIterator.next()Ljava/lang/Object; @ 27 c2
Event: 13.398 Thread 0x000001cd9b30b800 DEOPT PACKING pc=0x000001cd9055601c sp=0x0000008eaccf82e0
Event: 13.398 Thread 0x000001cd9b30b800 DEOPT UNPACKING pc=0x000001cd886ea1af sp=0x0000008eaccf8278 mode 2
Event: 13.400 Thread 0x000001cd9b30b800 Uncommon trap: trap_request=0xfffffff4 fr.pc=0x000001cd90614288 relative=0x0000000000000068
Event: 13.400 Thread 0x000001cd9b30b800 Uncommon trap: reason=null_check action=make_not_entrant pc=0x000001cd90614288 method=java.lang.Class.isAnnotation()Z @ 1 c2
Event: 13.400 Thread 0x000001cd9b30b800 DEOPT PACKING pc=0x000001cd90614288 sp=0x0000008eaccf68b0
Event: 13.400 Thread 0x000001cd9b30b800 DEOPT UNPACKING pc=0x000001cd886ea1af sp=0x0000008eaccf6840 mode 2
Event: 13.457 Thread 0x000001cd9b30b800 Uncommon trap: trap_request=0xffffffc6 fr.pc=0x000001cd902d64f0 relative=0x0000000000000470
Event: 13.457 Thread 0x000001cd9b30b800 Uncommon trap: reason=bimorphic_or_optimized_type_check action=maybe_recompile pc=0x000001cd902d64f0 method=java.util.Spliterators$IteratorSpliterator.tryAdvance(Ljava/util/function/Consumer;)Z @ 50 c2
Event: 13.457 Thread 0x000001cd9b30b800 DEOPT PACKING pc=0x000001cd902d64f0 sp=0x0000008eaccf78d0
Event: 13.457 Thread 0x000001cd9b30b800 DEOPT UNPACKING pc=0x000001cd886ea1af sp=0x0000008eaccf7870 mode 2

Classes redefined (0 events):
No events

Internal exceptions (20 events):
Event: 11.999 Thread 0x000001cd9b30b800 Exception <a 'java/lang/ClassNotFoundException'{0x000000008ed65fd0}: org/gradle/internal/metaobject/ConfigureDelegateCustomizer> (0x000000008ed65fd0) thrown at [s\src\hotspot\share\classfile\systemDictionary.cpp, line 230]
Event: 12.004 Thread 0x000001cd9b30b800 Exception <a 'java/lang/ClassNotFoundException'{0x000000008edde2d0}: org/gradle/api/internal/initialization/DefaultScriptHandlerBeanInfo> (0x000000008edde2d0) thrown at [s\src\hotspot\share\classfile\systemDictionary.cpp, line 230]
Event: 12.004 Thread 0x000001cd9b30b800 Exception <a 'java/lang/ClassNotFoundException'{0x000000008ec0d850}: org/gradle/api/internal/initialization/DefaultScriptHandlerCustomizer> (0x000000008ec0d850) thrown at [s\src\hotspot\share\classfile\systemDictionary.cpp, line 230]
Event: 12.017 Thread 0x000001cd9b30b800 Exception <a 'java/lang/ClassNotFoundException'{0x000000008e8602e0}: org/gradle/api/internal/artifacts/dsl/DefaultRepositoryHandler_DecoratedBeanInfo> (0x000000008e8602e0) thrown at [s\src\hotspot\share\classfile\systemDictionary.cpp, line 230]
Event: 12.018 Thread 0x000001cd9b30b800 Exception <a 'java/lang/ClassNotFoundException'{0x000000008e8a3340}: org/gradle/api/internal/artifacts/dsl/DefaultRepositoryHandlerBeanInfo> (0x000000008e8a3340) thrown at [s\src\hotspot\share\classfile\systemDictionary.cpp, line 230]
Event: 12.018 Thread 0x000001cd9b30b800 Exception <a 'java/lang/ClassNotFoundException'{0x000000008e8e8fb8}: org/gradle/api/internal/artifacts/DefaultArtifactRepositoryContainerBeanInfo> (0x000000008e8e8fb8) thrown at [s\src\hotspot\share\classfile\systemDictionary.cpp, line 230]
Event: 12.019 Thread 0x000001cd9b30b800 Exception <a 'java/lang/ClassNotFoundException'{0x000000008e719458}: org/gradle/api/internal/DefaultNamedDomainObjectListBeanInfo> (0x000000008e719458) thrown at [s\src\hotspot\share\classfile\systemDictionary.cpp, line 230]
Event: 12.019 Thread 0x000001cd9b30b800 Exception <a 'java/lang/ClassNotFoundException'{0x000000008e74ace0}: org/gradle/api/internal/DefaultNamedDomainObjectCollectionBeanInfo> (0x000000008e74ace0) thrown at [s\src\hotspot\share\classfile\systemDictionary.cpp, line 230]
Event: 12.019 Thread 0x000001cd9b30b800 Exception <a 'java/lang/ClassNotFoundException'{0x000000008e77b0c0}: org/gradle/api/internal/DefaultDomainObjectCollectionBeanInfo> (0x000000008e77b0c0) thrown at [s\src\hotspot\share\classfile\systemDictionary.cpp, line 230]
Event: 12.020 Thread 0x000001cd9b30b800 Exception <a 'java/lang/ClassNotFoundException'{0x000000008e7abd48}: org/gradle/api/internal/DefaultDomainObjectCollectionCustomizer> (0x000000008e7abd48) thrown at [s\src\hotspot\share\classfile\systemDictionary.cpp, line 230]
Event: 12.021 Thread 0x000001cd9b30b800 Exception <a 'java/lang/ClassNotFoundException'{0x000000008e7fa7c0}: org/gradle/api/internal/DefaultNamedDomainObjectCollectionCustomizer> (0x000000008e7fa7c0) thrown at [s\src\hotspot\share\classfile\systemDictionary.cpp, line 230]
Event: 12.023 Thread 0x000001cd9b30b800 Exception <a 'java/lang/ClassNotFoundException'{0x000000008e650a98}: org/gradle/api/internal/DefaultNamedDomainObjectListCustomizer> (0x000000008e650a98) thrown at [s\src\hotspot\share\classfile\systemDictionary.cpp, line 230]
Event: 12.024 Thread 0x000001cd9b30b800 Exception <a 'java/lang/ClassNotFoundException'{0x000000008e6b0328}: org/gradle/api/internal/artifacts/DefaultArtifactRepositoryContainerCustomizer> (0x000000008e6b0328) thrown at [s\src\hotspot\share\classfile\systemDictionary.cpp, line 230]
Event: 12.026 Thread 0x000001cd9b30b800 Exception <a 'java/lang/ClassNotFoundException'{0x000000008e504510}: org/gradle/api/internal/artifacts/dsl/DefaultRepositoryHandlerCustomizer> (0x000000008e504510) thrown at [s\src\hotspot\share\classfile\systemDictionary.cpp, line 230]
Event: 12.028 Thread 0x000001cd9b30b800 Exception <a 'java/lang/ClassNotFoundException'{0x000000008e56ae90}: org/gradle/api/internal/artifacts/dsl/DefaultRepositoryHandler_DecoratedCustomizer> (0x000000008e56ae90) thrown at [s\src\hotspot\share\classfile\systemDictionary.cpp, line 230]
Event: 12.036 Thread 0x000001cd9b30b800 Exception <a 'java/lang/ClassNotFoundException'{0x000000008e4441f0}: org/gradle/api/internal/artifacts/dsl/dependencies/DefaultDependencyHandler_DecoratedBeanInfo> (0x000000008e4441f0) thrown at [s\src\hotspot\share\classfile\systemDictionary.cpp, line 230]
Event: 12.036 Thread 0x000001cd9b30b800 Exception <a 'java/lang/ClassNotFoundException'{0x000000008e48c5d8}: org/gradle/api/internal/artifacts/dsl/dependencies/DefaultDependencyHandlerBeanInfo> (0x000000008e48c5d8) thrown at [s\src\hotspot\share\classfile\systemDictionary.cpp, line 230]
Event: 12.037 Thread 0x000001cd9b30b800 Exception <a 'java/lang/ClassNotFoundException'{0x000000008e4d43d0}: org/gradle/api/internal/artifacts/dsl/dependencies/DefaultDependencyHandlerCustomizer> (0x000000008e4d43d0) thrown at [s\src\hotspot\share\classfile\systemDictionary.cpp, line 230]
Event: 12.038 Thread 0x000001cd9b30b800 Exception <a 'java/lang/ClassNotFoundException'{0x000000008e345b08}: org/gradle/api/internal/artifacts/dsl/dependencies/DefaultDependencyHandler_DecoratedCustomizer> (0x000000008e345b08) thrown at [s\src\hotspot\share\classfile\systemDictionary.cpp, line 230]
Event: 13.341 Thread 0x000001cd9b30b800 Exception <a 'java/lang/NoSuchMethodError'{0x000000008c590270}: 'java.lang.Object java.lang.invoke.Invokers$Holder.linkToTargetMethod(java.lang.Object, java.lang.Object, java.lang.Object, java.lang.Object, java.lang.Object, java.lang.Object, java.lang.Object, java.lang.Object, java.lang.Object)'> (0x000000008c590270) thrown at [s\src\hotspot\share\interpreter\linkResolver.cpp, line 773]

Events (20 events):
Event: 13.416 loading class org/gradle/internal/snapshot/impl/ImplementationValue done
Event: 13.418 loading class org/gradle/internal/properties/bean/NestedRuntimeBeanNode$ImplementationPropertyValue
Event: 13.418 loading class org/gradle/internal/properties/bean/NestedRuntimeBeanNode$ImplementationPropertyValue done
Event: 13.421 Thread 0x000001cda02ac000 Thread added: 0x000001cda02ac000
Event: 13.431 loading class org/gradle/api/attributes/MultipleCandidatesDetails
Event: 13.431 loading class org/gradle/api/attributes/MultipleCandidatesDetails done
Event: 13.457 loading class org/gradle/internal/properties/annotations/PropertyMetadata
Event: 13.457 loading class org/gradle/internal/properties/annotations/PropertyMetadata done
Event: 13.457 loading class org/jetbrains/kotlin/gradle/tasks/CompilerPluginOptions
Event: 13.457 loading class org/jetbrains/kotlin/gradle/tasks/CompilerPluginOptions done
Event: 13.459 loading class javax/annotation/CheckForNull
Event: 13.459 loading class javax/annotation/CheckForNull done
Event: 13.461 loading class org/gradle/internal/reflect/annotations/PropertyAnnotationMetadata
Event: 13.462 loading class org/gradle/internal/reflect/annotations/PropertyAnnotationMetadata done
Event: 13.462 loading class org/gradle/internal/reflect/validation/PropertyProblemBuilder
Event: 13.462 loading class org/gradle/internal/reflect/validation/PropertyProblemBuilder done
Event: 13.462 loading class org/gradle/internal/properties/annotations/DefaultTypeMetadataStore
Event: 13.462 loading class org/gradle/internal/properties/annotations/DefaultTypeMetadataStore done
Event: 13.462 loading class org/jetbrains/kotlin/gradle/plugin/SubpluginOption
Event: 13.462 loading class org/jetbrains/kotlin/gradle/plugin/SubpluginOption done


Dynamic libraries:
0x00007ff746300000 - 0x00007ff74630d000 	C:\Program Files\Microsoft\jdk-11.0.20.8-hotspot\bin\java.exe
0x00007ffeec8b0000 - 0x00007ffeecac7000 	C:\Windows\SYSTEM32\ntdll.dll
0x00007ffeeaf20000 - 0x00007ffeeafe4000 	C:\Windows\System32\KERNEL32.DLL
0x00007ffeea230000 - 0x00007ffeea5d6000 	C:\Windows\System32\KERNELBASE.dll
0x00007ffeea110000 - 0x00007ffeea221000 	C:\Windows\System32\ucrtbase.dll
0x00007ffee2ec0000 - 0x00007ffee2ed7000 	C:\Program Files\Microsoft\jdk-11.0.20.8-hotspot\bin\jli.dll
0x00007ffedf7b0000 - 0x00007ffedf7c5000 	C:\Program Files\Microsoft\jdk-11.0.20.8-hotspot\bin\VCRUNTIME140.dll
0x00007ffeeb280000 - 0x00007ffeeb42d000 	C:\Windows\System32\USER32.dll
0x00007ffee9de0000 - 0x00007ffee9e06000 	C:\Windows\System32\win32u.dll
0x00007ffee90e0000 - 0x00007ffee9373000 	C:\Windows\WinSxS\amd64_microsoft.windows.common-controls_6595b64144ccf1df_6.0.22621.2361_none_2712ced57382f843\COMCTL32.dll
0x00007ffeea5e0000 - 0x00007ffeea609000 	C:\Windows\System32\GDI32.dll
0x00007ffeeb6d0000 - 0x00007ffeeb777000 	C:\Windows\System32\msvcrt.dll
0x00007ffee9e80000 - 0x00007ffee9f98000 	C:\Windows\System32\gdi32full.dll
0x00007ffee9d40000 - 0x00007ffee9dda000 	C:\Windows\System32\msvcp_win.dll
0x00007ffeec660000 - 0x00007ffeec691000 	C:\Windows\System32\IMM32.DLL
0x00007ffededd0000 - 0x00007ffedee6b000 	C:\Program Files\Microsoft\jdk-11.0.20.8-hotspot\bin\msvcp140.dll
0x00007ffe96b90000 - 0x00007ffe97726000 	C:\Program Files\Microsoft\jdk-11.0.20.8-hotspot\bin\server\jvm.dll
0x00007ffeeb1d0000 - 0x00007ffeeb280000 	C:\Windows\System32\ADVAPI32.dll
0x00007ffeeadf0000 - 0x00007ffeeae96000 	C:\Windows\System32\sechost.dll
0x00007ffeea7a0000 - 0x00007ffeea8b7000 	C:\Windows\System32\RPCRT4.dll
0x00007ffeeadc0000 - 0x00007ffeeadc8000 	C:\Windows\System32\PSAPI.DLL
0x00007ffee1c50000 - 0x00007ffee1c59000 	C:\Windows\SYSTEM32\WSOCK32.dll
0x00007ffeec7c0000 - 0x00007ffeec831000 	C:\Windows\System32\WS2_32.dll
0x00007ffee6bd0000 - 0x00007ffee6c04000 	C:\Windows\SYSTEM32\WINMM.dll
0x00007ffee2b60000 - 0x00007ffee2b6a000 	C:\Windows\SYSTEM32\VERSION.dll
0x00007ffee8370000 - 0x00007ffee8388000 	C:\Windows\SYSTEM32\kernel.appcore.dll
0x00007ffee9490000 - 0x00007ffee94a0000 	C:\Program Files\Microsoft\jdk-11.0.20.8-hotspot\bin\verify.dll
0x00007ffee9580000 - 0x00007ffee97ae000 	C:\Windows\SYSTEM32\DBGHELP.DLL
0x00007ffeec110000 - 0x00007ffeec49a000 	C:\Windows\System32\combase.dll
0x00007ffeea6c0000 - 0x00007ffeea797000 	C:\Windows\System32\OLEAUT32.dll
0x00007ffee93f0000 - 0x00007ffee9422000 	C:\Windows\SYSTEM32\dbgcore.DLL
0x00007ffee9cc0000 - 0x00007ffee9d3a000 	C:\Windows\System32\bcryptPrimitives.dll
0x00007ffedeff0000 - 0x00007ffedf018000 	C:\Program Files\Microsoft\jdk-11.0.20.8-hotspot\bin\java.dll
0x00007ffee59a0000 - 0x00007ffee59aa000 	C:\Program Files\Microsoft\jdk-11.0.20.8-hotspot\bin\jimage.dll
0x00007ffededb0000 - 0x00007ffededc8000 	C:\Program Files\Microsoft\jdk-11.0.20.8-hotspot\bin\zip.dll
0x00007ffeeb8b0000 - 0x00007ffeec108000 	C:\Windows\System32\SHELL32.dll
0x00007ffee7200000 - 0x00007ffee7af2000 	C:\Windows\SYSTEM32\windows.storage.dll
0x00007ffee7090000 - 0x00007ffee71ce000 	C:\Windows\SYSTEM32\wintypes.dll
0x00007ffeeb5d0000 - 0x00007ffeeb6c3000 	C:\Windows\System32\SHCORE.dll
0x00007ffeea660000 - 0x00007ffeea6be000 	C:\Windows\System32\shlwapi.dll
0x00007ffee9b30000 - 0x00007ffee9b56000 	C:\Windows\SYSTEM32\profapi.dll
0x00007ffeded90000 - 0x00007ffededa9000 	C:\Program Files\Microsoft\jdk-11.0.20.8-hotspot\bin\net.dll
0x00007ffee5280000 - 0x00007ffee53b7000 	C:\Windows\SYSTEM32\WINHTTP.dll
0x00007ffee8800000 - 0x00007ffee8869000 	C:\Windows\system32\mswsock.dll
0x00007ffeded70000 - 0x00007ffeded83000 	C:\Program Files\Microsoft\jdk-11.0.20.8-hotspot\bin\nio.dll
0x00007ffeb1810000 - 0x00007ffeb1837000 	C:\Users\blima\.gradle\native\68d5fa5c4cc2d200863cafc0d521ce42e7d3e7ee720ec0a83991735586a16f82\windows-amd64\native-platform.dll
0x00007ffe965c0000 - 0x00007ffe96704000 	C:\Users\blima\.gradle\native\e376f236ea51e6404a007f0833ffe2c6e607c4080706a723a18a27aeea778392\windows-amd64\native-platform-file-events.dll
0x00007ffee3b30000 - 0x00007ffee3b39000 	C:\Program Files\Microsoft\jdk-11.0.20.8-hotspot\bin\management.dll
0x00007ffee3990000 - 0x00007ffee399b000 	C:\Program Files\Microsoft\jdk-11.0.20.8-hotspot\bin\management_ext.dll
0x00007ffee98a0000 - 0x00007ffee98bb000 	C:\Windows\SYSTEM32\CRYPTSP.dll
0x00007ffee8b80000 - 0x00007ffee8bb5000 	C:\Windows\system32\rsaenh.dll
0x00007ffee8870000 - 0x00007ffee889c000 	C:\Windows\SYSTEM32\USERENV.dll
0x00007ffee9430000 - 0x00007ffee9458000 	C:\Windows\SYSTEM32\bcrypt.dll
0x00007ffee8b70000 - 0x00007ffee8b7c000 	C:\Windows\SYSTEM32\CRYPTBASE.dll
0x00007ffee7c20000 - 0x00007ffee7c4d000 	C:\Windows\SYSTEM32\IPHLPAPI.DLL
0x00007ffeeb7e0000 - 0x00007ffeeb7e9000 	C:\Windows\System32\NSI.dll
0x00007ffee5170000 - 0x00007ffee5189000 	C:\Windows\SYSTEM32\dhcpcsvc6.DLL
0x00007ffee50a0000 - 0x00007ffee50bf000 	C:\Windows\SYSTEM32\dhcpcsvc.DLL
0x00007ffee7c50000 - 0x00007ffee7d49000 	C:\Windows\SYSTEM32\DNSAPI.dll

dbghelp: loaded successfully - version: 4.0.5 - missing functions: none
symbol engine: initialized successfully - sym options: 0x614 - pdb path: .;C:\Program Files\Microsoft\jdk-11.0.20.8-hotspot\bin;C:\Windows\SYSTEM32;C:\Windows\WinSxS\amd64_microsoft.windows.common-controls_6595b64144ccf1df_6.0.22621.2361_none_2712ced57382f843;C:\Program Files\Microsoft\jdk-11.0.20.8-hotspot\bin\server;C:\Users\blima\.gradle\native\68d5fa5c4cc2d200863cafc0d521ce42e7d3e7ee720ec0a83991735586a16f82\windows-amd64;C:\Users\blima\.gradle\native\e376f236ea51e6404a007f0833ffe2c6e607c4080706a723a18a27aeea778392\windows-amd64

VM Arguments:
jvm_args: -XX:MaxMetaspaceSize=512m --add-opens=java.base/java.util=ALL-UNNAMED --add-opens=java.base/java.lang=ALL-UNNAMED --add-opens=java.base/java.lang.invoke=ALL-UNNAMED --add-opens=java.prefs/java.util.prefs=ALL-UNNAMED --add-opens=java.base/java.nio.charset=ALL-UNNAMED --add-opens=java.base/java.net=ALL-UNNAMED --add-opens=java.base/java.util.concurrent.atomic=ALL-UNNAMED -Xmx2048m -Dfile.encoding=windows-1252 -Duser.country=US -Duser.language=en -Duser.variant 
java_command: org.gradle.launcher.daemon.bootstrap.GradleDaemon 8.0.1
java_class_path (initial): C:\Users\blima\.gradle\wrapper\dists\gradle-8.0.1-all\aro4hu1c3oeioove7l0i4i14o\gradle-8.0.1\lib\gradle-launcher-8.0.1.jar
Launcher Type: SUN_STANDARD

[Global flags]
     intx CICompilerCount                          = 4                                         {product} {ergonomic}
   size_t CompressedClassSpaceSize                 = 528482304                                 {product} {ergonomic}
     uint ConcGCThreads                            = 3                                         {product} {ergonomic}
     uint G1ConcRefinementThreads                  = 10                                        {product} {ergonomic}
   size_t G1HeapRegionSize                         = 1048576                                   {product} {ergonomic}
    uintx GCDrainStackTargetSize                   = 64                                        {product} {ergonomic}
   size_t InitialHeapSize                          = 264241152                                 {product} {ergonomic}
   size_t MarkStackSize                            = 4194304                                   {product} {ergonomic}
   size_t MaxHeapSize                              = 2147483648                                {product} {command line}
   size_t MaxMetaspaceSize                         = 536870912                                 {product} {command line}
   size_t MaxNewSize                               = 1287651328                                {product} {ergonomic}
   size_t MinHeapDeltaBytes                        = 1048576                                   {product} {ergonomic}
    uintx NonNMethodCodeHeapSize                   = 5836300                                {pd product} {ergonomic}
    uintx NonProfiledCodeHeapSize                  = 122910970                              {pd product} {ergonomic}
    uintx ProfiledCodeHeapSize                     = 122910970                              {pd product} {ergonomic}
    uintx ReservedCodeCacheSize                    = 251658240                              {pd product} {ergonomic}
     bool SegmentedCodeCache                       = true                                      {product} {ergonomic}
     bool UseCompressedClassPointers               = true                                 {lp64_product} {ergonomic}
     bool UseCompressedOops                        = true                                 {lp64_product} {ergonomic}
     bool UseG1GC                                  = true                                      {product} {ergonomic}
     bool UseLargePagesIndividualAllocation        = false                                  {pd product} {ergonomic}

Logging:
Log output configuration:
 #0: stdout all=warning uptime,level,tags
 #1: stderr all=off uptime,level,tags

Environment Variables:
JAVA_HOME=C:\Program Files\Microsoft\jdk-11.0.20.8-hotspot
CLASSPATH=C:\Users\blima\Desktop\helpdesk\android\\gradle\wrapper\gradle-wrapper.jar
PATH=C:\Users\blima\Desktop\helpdesk\node_modules\.bin;C:\Users\blima\Desktop\helpdesk\node_modules\.bin;C:\Users\blima\Desktop\node_modules\.bin;C:\Users\blima\node_modules\.bin;C:\Users\node_modules\.bin;C:\node_modules\.bin;C:\Program Files\nodejs\node_modules\npm\node_modules\@npmcli\run-script\lib\node-gyp-bin;C:\Program Files\Common Files\Oracle\Java\javapath;C:\Program Files\Microsoft\jdk-11.0.20.8-hotspot\bin;C:\Python27\;C:\Python27\Scripts;C:\Windows\system32;C:\Windows;C:\Windows\System32\Wbem;C:\Windows\System32\WindowsPowerShell\v1.0\;C:\Windows\System32\OpenSSH\;C:\Program Files\dotnet\;C:\Program Files\NVIDIA Corporation\NVIDIA NvDLISR;C:\Program Files (x86)\NVIDIA Corporation\PhysX\Common;C:\Program Files\nodejs\;C:\ProgramData\chocolatey\bin;C:\Program Files (x86)\Yarn\bin\;C:\Android\Sdk\emulator;C:\Android\Sdk\tools;C:\Android\Sdk\tools\bin;C:\Android\Sdk\platform-tools;C:\Program Files\Git\cmd;C:\Users\blima\AppData\Local\Microsoft\WindowsApps;C:\Users\blima\AppData\Local\Programs\Microsoft VS Code\bin;C:\Users\blima\AppData\Roaming\npm;C:\Users\blima\AppData\Local\Yarn\bin;C:\Android\Sdk\emulator;C:\Android\Sdk\tools;C:\Android\Sdk\tools\bin;C:\Android\Sdk\platform-tools;
USERNAME=blima
OS=Windows_NT
PROCESSOR_IDENTIFIER=Intel64 Family 6 Model 154 Stepping 4, GenuineIntel
TMP=C:\Users\blima\AppData\Local\Temp
TEMP=C:\Users\blima\AppData\Local\Temp



---------------  S Y S T E M  ---------------

OS: Windows 11 , 64 bit Build 22621 (10.0.22621.2428)
OS uptime: 0 days 0:28 hours
Hyper-V role detected

CPU:total 12 (initial active 12) (6 cores per cpu, 2 threads per core) family 6 model 154 stepping 4 microcode 0x42a, cmov, cx8, fxsr, mmx, sse, sse2, sse3, ssse3, sse4.1, sse4.2, popcnt, avx, avx2, aes, clmul, erms, 3dnowpref, lzcnt, ht, tsc, tscinvbit, bmi1, bmi2, adx, sha, fma

Memory: 4k page, system-wide physical 16068M (2524M free)
TotalPageFile size 16068M (AvailPageFile size 5M)
current process WorkingSet (physical memory assigned to process): 427M, peak: 427M
current process commit charge ("private bytes"): 525M, peak: 526M

vm_info: OpenJDK 64-Bit Server VM (11.0.20+8-LTS) for windows-amd64 JRE (11.0.20+8-LTS), built on Jul  7 2023 17:05:21 by "MicrosoftCorporation" with MS VC++ 15.9 (VS2017)

END.
